<?xml version="1.0" encoding="utf-8"?>
<shfbBuild product="Sandcastle Help File Builder and Tools" version="2017.5.15.0" projectFile="D:\GitHub\XPatchLib.Net.Doc\src\NET20\NET20.shfbproj" started="2018/4/10 10:30:11">
<buildStep step="Initializing">
Finding tools...
The Sandcastle tools are located in &#39;C:\Program Files (x86)\EWSoftware\Sandcastle Help File Builder\&#39;
Locating components in the following folder(s):
    D:\GitHub\XPatchLib.Net.Doc\src\NET20
    C:\ProgramData\EWSoftware\Sandcastle Help File Builder\Components and Plug-Ins\
    C:\Program Files (x86)\EWSoftware\Sandcastle Help File Builder\
Using framework reflection data for &#39;.NET Framework 2.0&#39; located in &#39;C:\Program Files (x86)\EWSoftware\Sandcastle Help File Builder\Data\.NETFramework&#39;
Using presentation style &#39;VS2013&#39; located in &#39;C:\Program Files (x86)\EWSoftware\Sandcastle Help File Builder\PresentationStyles\VS2013&#39;
Loading and initializing plug-ins...
-------------------------------
Clearing any prior web/markdown output...
</buildStep>
<buildStep step="ValidatingDocumentationSources">
Validating and copying documentation source information
Source: D:\GitHub\XPatchLib.Output\Release\Net20\XPatchLib.dll
    Found assembly &#39;D:\GitHub\XPatchLib.Output\Release\Net20\XPatchLib.dll&#39;
Source: D:\GitHub\XPatchLib.Output\Release\Net20\XPatchLib.xml

Copying XML comments files
    D:\GitHub\XPatchLib.Output\Release\Net20\XPatchLib.xml -&gt; D:\GitHub\XPatchLib.Net.Doc\src\NET45\WorkingPath\D525F60\XPatchLib.xml
</buildStep>
<buildStep step="GenerateSharedContent">
Generating shared content files (zh-CN, 中文(简体，中国))...
    Last step completed in 00:00:00.0070
</buildStep>
<buildStep step="GenerateApiFilter">
Generating API filter for MRefBuilder...
    Last step completed in 00:00:00.0030
</buildStep>
<buildStep step="GenerateReflectionInfo">
Generating reflection information...
[C:\Program Files (x86)\Microsoft Visual Studio\2017\Enterprise\MSBuild\15.0\bin\MSBuild.exe - GenerateRefInfo.proj]
生成启动时间为 2018/4/10 10:30:13。
节点 1 上的项目“D:\GitHub\XPatchLib.Net.Doc\src\NET45\WorkingPath\D525F60\GenerateRefInfo.proj”(默认目标)。
PrepareForBuild:
  正在创建目录“obj\Debug\”。
GenerateRefInfo:
  MRefBuilder (v2017.5.15.0)
  Copyright ? 2006-2017, Microsoft Corporation, All Rights Reserved.
  Portions Copyright ? 2006-2016, Eric Woodruff, All Rights Reserved.
  No source code context base path specified.  Source context information is unavailable.
  Loaded 1 assemblies for reflection and 0 dependency assemblies.
  Wrote information on 1 namespaces, 17 types, and 139 members
  正在将文件从“reflection.org”复制到“reflection.all”。
  XslTransform (v2017.5.15.0)
  Copyright ? 2006-2017, Microsoft Corporation, All Rights Reserved.
  Portions Copyright ? 2006-2016, Eric Woodruff, All Rights Reserved.
  Applying XSL transformation &#39;C:\Program Files (x86)\EWSoftware\Sandcastle Help File Builder\ProductionTransforms\MergeDuplicates.xsl&#39;.
已完成生成项目“D:\GitHub\XPatchLib.Net.Doc\src\NET45\WorkingPath\D525F60\GenerateRefInfo.proj”(默认目标)的操作。
    Last step completed in 00:00:02.8730
</buildStep>
<buildStep step="Completed">

Build completed successfully at 2018/4/10 10:30:15.  Total time: 00:00:04.3540

</buildStep>
</shfbBuild>
