<?xml version="1.0" encoding="utf-8"?>
<shfbBuild product="Sandcastle Help File Builder and Tools" version="2017.5.15.0" projectFile="C:\Users\GuQiang\Documents\Source\Repos\XPatchLib.Net.Doc\src\STANDARD1.3\STANDARD1.3.shfbproj" started="2017/06/20 23:24:43">
<buildStep step="Initializing">
Finding tools...
The Sandcastle tools are located in &#39;C:\Program Files (x86)\EWSoftware\Sandcastle Help File Builder\&#39;
Locating components in the following folder(s):
    C:\Users\GuQiang\Documents\Source\Repos\XPatchLib.Net.Doc\src\STANDARD1.3
    C:\ProgramData\EWSoftware\Sandcastle Help File Builder\Components and Plug-Ins\
    C:\Program Files (x86)\EWSoftware\Sandcastle Help File Builder\
Using framework reflection data for &#39;Cross-platform (.NET Core/.NET Standard)&#39; located in &#39;C:\Program Files (x86)\EWSoftware\Sandcastle Help File Builder\Data\.NETFramework&#39;
Using presentation style &#39;VS2013&#39; located in &#39;C:\Program Files (x86)\EWSoftware\Sandcastle Help File Builder\PresentationStyles\VS2013&#39;
Loading and initializing plug-ins...
Lightweight Website Style Version 2017.5.15.0
Copyright &#169; 2006-2017, Eric Woodruff, All Rights Reserved
Portions Copyright &#169; 2014, Sam Harwell, All Rights Reserved
-------------------------------
Clearing any prior web/markdown output...
</buildStep>
<buildStep step="ValidatingDocumentationSources">
Validating and copying documentation source information
Source: C:\Users\GuQiang\Documents\Source\Repos\XPatchLib.Output\Release\netstandard1.3\XPatchLib.dll
    Found assembly &#39;C:\Users\GuQiang\Documents\Source\Repos\XPatchLib.Output\Release\netstandard1.3\XPatchLib.dll&#39;
Source: C:\Users\GuQiang\Documents\Source\Repos\XPatchLib.Output\Release\netstandard1.3\XPatchLib.xml

Copying XML comments files
    C:\Users\GuQiang\Documents\Source\Repos\XPatchLib.Output\Release\netstandard1.3\XPatchLib.xml -&gt; C:\Users\GuQiang\Documents\Source\Repos\XPatchLib.Net.Doc\src\STANDARD1.3\WorkingPath\XPatchLib.xml
</buildStep>
<buildStep step="GenerateSharedContent">
Generating shared content files (zh-CN, 中文(简体，中国))...
<plugIn name="Lightweight Website Style" behavior="After" priority="1000">
</plugIn>    Last step completed in 00:00:00.0060
</buildStep>
<buildStep step="GenerateApiFilter">
Generating API filter for MRefBuilder...
    Last step completed in 00:00:00.0010
</buildStep>
<buildStep step="GenerateReflectionInfo">
Generating reflection information...
[C:\Program Files (x86)\MSBuild\14.0\bin\MSBuild.exe - GenerateRefInfo.proj]
生成启动时间为 2017/06/20 23:24:44。
节点 1 上的项目“C:\Users\GuQiang\Documents\Source\Repos\XPatchLib.Net.Doc\src\STANDARD1.3\WorkingPath\GenerateRefInfo.proj”(默认目标)。
PrepareForBuild:
  正在创建目录“obj\Debug\”。
GenerateRefInfo:
  MRefBuilder (v2017.5.15.0)
  Copyright ? 2006-2017, Microsoft Corporation, All Rights Reserved.
  Portions Copyright ? 2006-2016, Eric Woodruff, All Rights Reserved.
  No source code context base path specified.  Source context information is unavailable.
  Loaded 1 assemblies for reflection and 1 dependency assemblies.
MRefBuilder : warning : Ignoring unresolved assembly reference: System.ObjectModel (System.ObjectModel, Version=4.0.10.0, Culture=neutral, PublicKeyToken=b03f5f7f11d50a3a) required by XPatchLib [C:\Users\GuQiang\Documents\Source\Repos\XPatchLib.Net.Doc\src\STANDARD1.3\WorkingPath\GenerateRefInfo.proj]
MRefBuilder : warning : Ignoring unresolved assembly reference: System.Reflection (System.Reflection, Version=4.0.10.0, Culture=neutral, PublicKeyToken=b03f5f7f11d50a3a) required by XPatchLib [C:\Users\GuQiang\Documents\Source\Repos\XPatchLib.Net.Doc\src\STANDARD1.3\WorkingPath\GenerateRefInfo.proj]
MRefBuilder : warning : Ignoring unresolved assembly reference: System.Linq.Expressions (System.Linq.Expressions, Version=4.0.10.0, Culture=neutral, PublicKeyToken=b03f5f7f11d50a3a) required by XPatchLib [C:\Users\GuQiang\Documents\Source\Repos\XPatchLib.Net.Doc\src\STANDARD1.3\WorkingPath\GenerateRefInfo.proj]
MRefBuilder : warning : Ignoring unresolved assembly reference: System.Collections (System.Collections, Version=4.0.10.0, Culture=neutral, PublicKeyToken=b03f5f7f11d50a3a) required by XPatchLib [C:\Users\GuQiang\Documents\Source\Repos\XPatchLib.Net.Doc\src\STANDARD1.3\WorkingPath\GenerateRefInfo.proj]
MRefBuilder : warning : Ignoring unresolved assembly reference: System.Xml.ReaderWriter (System.Xml.ReaderWriter, Version=4.1.0.0, Culture=neutral, PublicKeyToken=b03f5f7f11d50a3a) required by XPatchLib [C:\Users\GuQiang\Documents\Source\Repos\XPatchLib.Net.Doc\src\STANDARD1.3\WorkingPath\GenerateRefInfo.proj]
MRefBuilder : warning : Ignoring unresolved assembly reference: System.Diagnostics.Debug (System.Diagnostics.Debug, Version=4.0.10.0, Culture=neutral, PublicKeyToken=b03f5f7f11d50a3a) required by XPatchLib [C:\Users\GuQiang\Documents\Source\Repos\XPatchLib.Net.Doc\src\STANDARD1.3\WorkingPath\GenerateRefInfo.proj]
MRefBuilder : warning : Ignoring unresolved assembly reference: System.Globalization (System.Globalization, Version=4.0.10.0, Culture=neutral, PublicKeyToken=b03f5f7f11d50a3a) required by XPatchLib [C:\Users\GuQiang\Documents\Source\Repos\XPatchLib.Net.Doc\src\STANDARD1.3\WorkingPath\GenerateRefInfo.proj]
MRefBuilder : warning : Ignoring unresolved assembly reference: System.Runtime.InteropServices (System.Runtime.InteropServices, Version=4.0.20.0, Culture=neutral, PublicKeyToken=b03f5f7f11d50a3a) required by XPatchLib [C:\Users\GuQiang\Documents\Source\Repos\XPatchLib.Net.Doc\src\STANDARD1.3\WorkingPath\GenerateRefInfo.proj]
  Wrote information on 1 namespaces, 14 types, and 122 members
  正在将文件从“reflection.org”复制到“reflection.all”。
  XslTransform (v2017.5.15.0)
  Copyright ? 2006-2017, Microsoft Corporation, All Rights Reserved.
  Portions Copyright ? 2006-2016, Eric Woodruff, All Rights Reserved.
  Applying XSL transformation &#39;C:\Program Files (x86)\EWSoftware\Sandcastle Help File Builder\ProductionTransforms\MergeDuplicates.xsl&#39;.
已完成生成项目“C:\Users\GuQiang\Documents\Source\Repos\XPatchLib.Net.Doc\src\STANDARD1.3\WorkingPath\GenerateRefInfo.proj”(默认目标)的操作。

已成功生成。

已用时间 00:00:05.10
    Last step completed in 00:00:05.4772
</buildStep>
<buildStep step="TransformReflectionInfo">
Transforming reflection output...
[C:\Program Files (x86)\MSBuild\14.0\bin\MSBuild.exe - TransformManifest.proj]
生成启动时间为 2017/06/20 23:24:49。
节点 1 上的项目“C:\Users\GuQiang\Documents\Source\Repos\XPatchLib.Net.Doc\src\STANDARD1.3\WorkingPath\TransformManifest.proj”(默认目标)。
TransformManifest:
  XslTransform (v2017.5.15.0)
  Copyright ? 2006-2017, Microsoft Corporation, All Rights Reserved.
  Portions Copyright ? 2006-2016, Eric Woodruff, All Rights Reserved.
  Applying XSL transformation &#39;C:\Program Files (x86)\EWSoftware\Sandcastle Help File Builder\\ProductionTransforms\ApplyVSDocModel.xsl&#39;.
  正在将文件从“reflection.xml”复制到“reflection.nofilenames”。
  XslTransform (v2017.5.15.0)
  Copyright ? 2006-2017, Microsoft Corporation, All Rights Reserved.
  Portions Copyright ? 2006-2016, Eric Woodruff, All Rights Reserved.
  Applying XSL transformation &#39;C:\Program Files (x86)\EWSoftware\Sandcastle Help File Builder\ProductionTransforms\AddFilenames.xsl&#39;.
  XslTransform (v2017.5.15.0)
  Copyright ? 2006-2017, Microsoft Corporation, All Rights Reserved.
  Portions Copyright ? 2006-2016, Eric Woodruff, All Rights Reserved.
  Applying XSL transformation &#39;C:\Program Files (x86)\EWSoftware\Sandcastle Help File Builder\ProductionTransforms\ReflectionToManifest.xsl&#39;.
已完成生成项目“C:\Users\GuQiang\Documents\Source\Repos\XPatchLib.Net.Doc\src\STANDARD1.3\WorkingPath\TransformManifest.proj”(默认目标)的操作。

已成功生成。

已用时间 00:00:00.96
    Last step completed in 00:00:01.2443
</buildStep>
<buildStep step="GenerateNamespaceSummaries">
Generating namespace summary information...
    Last step completed in 00:00:00.0140
</buildStep>
<buildStep step="CopyAdditionalContent">
Copying additional content files...
No additional content to copy
    Last step completed in 00:00:00.0000
</buildStep>
<buildStep step="MergeTablesOfContents">
Merging conceptual and additional tables of contents...
    Last step completed in 00:00:00.0000
</buildStep>
<buildStep step="GenerateIntermediateTableOfContents">
Generating intermediate table of contents file...
[C:\Program Files (x86)\MSBuild\14.0\bin\MSBuild.exe - GenerateIntermediateTOC.proj]
生成启动时间为 2017/06/20 23:24:51。
节点 1 上的项目“C:\Users\GuQiang\Documents\Source\Repos\XPatchLib.Net.Doc\src\STANDARD1.3\WorkingPath\GenerateIntermediateTOC.proj”(默认目标)。
GenerateIntermediateTOC:
  XslTransform (v2017.5.15.0)
  Copyright ? 2006-2017, Microsoft Corporation, All Rights Reserved.
  Portions Copyright ? 2006-2016, Eric Woodruff, All Rights Reserved.
  Applying XSL transformation &#39;C:\Program Files (x86)\EWSoftware\Sandcastle Help File Builder\\ProductionTransforms\CreateVSToc.xsl&#39;.
已完成生成项目“C:\Users\GuQiang\Documents\Source\Repos\XPatchLib.Net.Doc\src\STANDARD1.3\WorkingPath\GenerateIntermediateTOC.proj”(默认目标)的操作。

已成功生成。

已用时间 00:00:00.67
Generating conceptual content intermediate TOC file...
    Last step completed in 00:00:00.9358
</buildStep>
<buildStep step="CreateBuildAssemblerConfigs">
Creating Sandcastle configuration files...
    sandcastle.config
    Last step completed in 00:00:00.2410
</buildStep>
<buildStep step="MergeCustomConfigs">
Merging custom build component configurations
C:\Users\GuQiang\Documents\Source\Repos\XPatchLib.Net.Doc\src\STANDARD1.3\WorkingPath\sandcastle.config
  Updating reference topic configurations.
  No conceptual content.  Removing conceptual content components.
    Last step completed in 00:00:00.0120
</buildStep>
<buildStep step="BuildTopics">
Building help topics...
[C:\Program Files (x86)\MSBuild\14.0\bin\MSBuild.exe - BuildTopics.proj]
生成启动时间为 2017/06/20 23:24:52。
节点 1 上的项目“C:\Users\GuQiang\Documents\Source\Repos\XPatchLib.Net.Doc\src\STANDARD1.3\WorkingPath\BuildTopics.proj”(默认目标)。
BuildTopics:
  BuildAssembler (v2017.5.15.0)
  Copyright ? 2006-2017, Microsoft Corporation, All Rights Reserved.
  Portions Copyright ? 2006-2016, Eric Woodruff, All Rights Reserved.
  SwitchComponent: Loading components for API case
  CopyFromFileComponent: Loading data file &#39;C:\Program Files (x86)\EWSoftware\Sandcastle Help File Builder\PresentationStyles\VS2013\Transforms\skeleton.xml&#39;.
  CopyFromFileComponent: Loaded 1 copy commands
  CopyFromIndexComponent: Searching for files that match &#39;*.xml&#39; in &#39;C:\Program Files (x86)\EWSoftware\Sandcastle Help File Builder\Data\.NETFramework&#39;
  CopyFromIndexComponent: Searching for files that match &#39;reflection.xml&#39; in &#39;C:\Users\GuQiang\Documents\Source\Repos\XPatchLib.Net.Doc\src\STANDARD1.3\WorkingPath&#39;
  CopyFromIndexComponent: Indexed 66227 elements
  ForEachComponent: Loading subcomponents.
  ForEachComponent: Loaded 1 subcomponents.
  ForEachComponent: Loading subcomponents.
  ForEachComponent: Loaded 1 subcomponents.
  ForEachComponent: Loading subcomponents.
  ForEachComponent: Loaded 1 subcomponents.
  ForEachComponent: Loading subcomponents.
  ForEachComponent: Loaded 1 subcomponents.
  ForEachComponent: Loading subcomponents.
  ForEachComponent: Loaded 1 subcomponents.
  ForEachComponent: Loading subcomponents.
  ForEachComponent: Loaded 1 subcomponents.
  ForEachComponent: Loading subcomponents.
  ForEachComponent: Loaded 1 subcomponents.
  SyntaxComponent: Loaded 1 syntax generators.
  CopyFromIndexComponent: Searching for files that match &#39;*.xml&#39; in &#39;C:\Program Files (x86)\Reference Assemblies\Microsoft\Framework\.NETFramework\v4.6.1&#39;
  CopyFromIndexComponent: Searching for files that match &#39;XPatchLib.xml&#39; in &#39;C:\Users\GuQiang\Documents\Source\Repos\XPatchLib.Net.Doc\src\STANDARD1.3\WorkingPath&#39;
  CopyFromIndexComponent: Indexed 157855 elements
  ForEachComponent: Loading subcomponents.
  ForEachComponent: Loaded 2 subcomponents.
  ShowMissingComponent: [Sandcastle Help File Builder and Tools, version 2017.5.15.0]
      Show Missing Documentation Component. Copyright ? 2006-2015, Eric Woodruff, All Rights Reserved
      https://GitHub.com/EWSoftware/SHFB
  CodeBlockComponent: [Sandcastle Help File Builder and Tools, version 2017.5.15.0]
      Code Block Component.  Copyright ? 2006-2017, Eric Woodruff, All Rights Reserved.
      Portions copyright (c) 2003-2015, Jonathan de Halleux, All rights reserved.
      https://GitHub.com/EWSoftware/SHFB
  MultiFormatOutputComponent: [Sandcastle Help File Builder and Tools, version 2017.5.15.0]
      Multi-Format Output Component. Copyright ? 2006-2017, Eric Woodruff, All Rights Reserved
      https://GitHub.com/EWSoftware/SHFB
  MultiFormatOutputComponent: Loading components for Website format
  SharedContentComponent: Searching for files that match &#39;C:\Program Files (x86)\EWSoftware\Sandcastle Help File Builder\PresentationStyles\VS2013\Content\zh-CN\shared_content.xml&#39;.
  SharedContentComponent: Loading shared content file &#39;C:\Program Files (x86)\EWSoftware\Sandcastle Help File Builder\PresentationStyles\VS2013\Content\zh-CN\shared_content.xml&#39;.
  SharedContentComponent: Found 1 files in C:\Program Files (x86)\EWSoftware\Sandcastle Help File Builder\PresentationStyles\VS2013\Content\zh-CN\shared_content.xml.
  SharedContentComponent: Searching for files that match &#39;C:\Program Files (x86)\EWSoftware\Sandcastle Help File Builder\PresentationStyles\VS2013\Content\zh-CN\reference_content.xml&#39;.
  SharedContentComponent: Loading shared content file &#39;C:\Program Files (x86)\EWSoftware\Sandcastle Help File Builder\PresentationStyles\VS2013\Content\zh-CN\reference_content.xml&#39;.
  SharedContentComponent: Found 1 files in C:\Program Files (x86)\EWSoftware\Sandcastle Help File Builder\PresentationStyles\VS2013\Content\zh-CN\reference_content.xml.
  SharedContentComponent: Searching for files that match &#39;SHFBContent.xml&#39;.
  SharedContentComponent: Loading shared content file &#39;C:\Users\GuQiang\Documents\Source\Repos\XPatchLib.Net.Doc\src\STANDARD1.3\WorkingPath\SHFBContent.xml&#39;.
  SharedContentComponent: Overriding shared content item &#39;copyright_info&#39; with value in file &#39;C:\Users\GuQiang\Documents\Source\Repos\XPatchLib.Net.Doc\src\STANDARD1.3\WorkingPath\SHFBContent.xml&#39;.
  SharedContentComponent: Overriding shared content item &#39;copyright_link&#39; with value in file &#39;C:\Users\GuQiang\Documents\Source\Repos\XPatchLib.Net.Doc\src\STANDARD1.3\WorkingPath\SHFBContent.xml&#39;.
  SharedContentComponent: Overriding shared content item &#39;copyright_text&#39; with value in file &#39;C:\Users\GuQiang\Documents\Source\Repos\XPatchLib.Net.Doc\src\STANDARD1.3\WorkingPath\SHFBContent.xml&#39;.
  SharedContentComponent: Overriding shared content item &#39;header&#39; with value in file &#39;C:\Users\GuQiang\Documents\Source\Repos\XPatchLib.Net.Doc\src\STANDARD1.3\WorkingPath\SHFBContent.xml&#39;.
  SharedContentComponent: Overriding shared content item &#39;topicTitle_root&#39; with value in file &#39;C:\Users\GuQiang\Documents\Source\Repos\XPatchLib.Net.Doc\src\STANDARD1.3\WorkingPath\SHFBContent.xml&#39;.
  SharedContentComponent: Overriding shared content item &#39;productTitle&#39; with value in file &#39;C:\Users\GuQiang\Documents\Source\Repos\XPatchLib.Net.Doc\src\STANDARD1.3\WorkingPath\SHFBContent.xml&#39;.
  SharedContentComponent: Overriding shared content item &#39;runningHeaderText&#39; with value in file &#39;C:\Users\GuQiang\Documents\Source\Repos\XPatchLib.Net.Doc\src\STANDARD1.3\WorkingPath\SHFBContent.xml&#39;.
  SharedContentComponent: Overriding shared content item &#39;locale&#39; with value in file &#39;C:\Users\GuQiang\Documents\Source\Repos\XPatchLib.Net.Doc\src\STANDARD1.3\WorkingPath\SHFBContent.xml&#39;.
  SharedContentComponent: Overriding shared content item &#39;brandingLocaleCss&#39; with value in file &#39;C:\Users\GuQiang\Documents\Source\Repos\XPatchLib.Net.Doc\src\STANDARD1.3\WorkingPath\SHFBContent.xml&#39;.
  SharedContentComponent: Found 1 files in SHFBContent.xml.
  SharedContentComponent: Searching for files that match &#39;AspNet.xml&#39;.
  SharedContentComponent: Loading shared content file &#39;C:\Users\GuQiang\Documents\Source\Repos\XPatchLib.Net.Doc\src\STANDARD1.3\WorkingPath\AspNet.xml&#39;.
  SharedContentComponent: Found 1 files in AspNet.xml.
  SharedContentComponent: Searching for files that match &#39;XSharp.xml&#39;.
  SharedContentComponent: Loading shared content file &#39;C:\Users\GuQiang\Documents\Source\Repos\XPatchLib.Net.Doc\src\STANDARD1.3\WorkingPath\XSharp.xml&#39;.
  SharedContentComponent: Found 1 files in XSharp.xml.
  SharedContentComponent: Searching for files that match &#39;ManagedCPlusPlus.xml&#39;.
  SharedContentComponent: Loading shared content file &#39;C:\Users\GuQiang\Documents\Source\Repos\XPatchLib.Net.Doc\src\STANDARD1.3\WorkingPath\ManagedCPlusPlus.xml&#39;.
  SharedContentComponent: Found 1 files in ManagedCPlusPlus.xml.
  SharedContentComponent: Searching for files that match &#39;CSharp.xml&#39;.
  SharedContentComponent: Loading shared content file &#39;C:\Users\GuQiang\Documents\Source\Repos\XPatchLib.Net.Doc\src\STANDARD1.3\WorkingPath\CSharp.xml&#39;.
  SharedContentComponent: Found 1 files in CSharp.xml.
  SharedContentComponent: Searching for files that match &#39;FSharp.xml&#39;.
  SharedContentComponent: Loading shared content file &#39;C:\Users\GuQiang\Documents\Source\Repos\XPatchLib.Net.Doc\src\STANDARD1.3\WorkingPath\FSharp.xml&#39;.
  SharedContentComponent: Found 1 files in FSharp.xml.
  SharedContentComponent: Searching for files that match &#39;JavaScript.xml&#39;.
  SharedContentComponent: Loading shared content file &#39;C:\Users\GuQiang\Documents\Source\Repos\XPatchLib.Net.Doc\src\STANDARD1.3\WorkingPath\JavaScript.xml&#39;.
  SharedContentComponent: Found 1 files in JavaScript.xml.
  SharedContentComponent: Searching for files that match &#39;JScript.xml&#39;.
  SharedContentComponent: Loading shared content file &#39;C:\Users\GuQiang\Documents\Source\Repos\XPatchLib.Net.Doc\src\STANDARD1.3\WorkingPath\JScript.xml&#39;.
  SharedContentComponent: Found 1 files in JScript.xml.
  SharedContentComponent: Searching for files that match &#39;JSharp.xml&#39;.
  SharedContentComponent: Loading shared content file &#39;C:\Users\GuQiang\Documents\Source\Repos\XPatchLib.Net.Doc\src\STANDARD1.3\WorkingPath\JSharp.xml&#39;.
  SharedContentComponent: Found 1 files in JSharp.xml.
  SharedContentComponent: Searching for files that match &#39;VisualBasic.xml&#39;.
  SharedContentComponent: Loading shared content file &#39;C:\Users\GuQiang\Documents\Source\Repos\XPatchLib.Net.Doc\src\STANDARD1.3\WorkingPath\VisualBasic.xml&#39;.
  SharedContentComponent: Found 1 files in VisualBasic.xml.
  SharedContentComponent: Searching for files that match &#39;VisualBasicUsage.xml&#39;.
  SharedContentComponent: Loading shared content file &#39;C:\Users\GuQiang\Documents\Source\Repos\XPatchLib.Net.Doc\src\STANDARD1.3\WorkingPath\VisualBasicUsage.xml&#39;.
  SharedContentComponent: Found 1 files in VisualBasicUsage.xml.
  SharedContentComponent: Searching for files that match &#39;XAML.xml&#39;.
  SharedContentComponent: Loading shared content file &#39;C:\Users\GuQiang\Documents\Source\Repos\XPatchLib.Net.Doc\src\STANDARD1.3\WorkingPath\XAML.xml&#39;.
  SharedContentComponent: Found 1 files in XAML.xml.
  SharedContentComponent: Loaded 670 shared content items.
  ResolveConceptualLinksComponent: Collected 1 targets directories.
  ResolveReferenceLinksComponent: Loading Msdn reference link type targets
  ResolveReferenceLinksComponent: Indexing targets in C:\Program Files (x86)\EWSoftware\Sandcastle Help File Builder\Data\.NETFramework\Microsoft.CSharp.xml
  ResolveReferenceLinksComponent: Indexing targets in C:\Program Files (x86)\EWSoftware\Sandcastle Help File Builder\Data\.NETFramework\Microsoft.VisualBasic.xml
  ResolveReferenceLinksComponent: Indexing targets in C:\Program Files (x86)\EWSoftware\Sandcastle Help File Builder\Data\.NETFramework\Microsoft.Win32.xml
  ResolveReferenceLinksComponent: Indexing targets in C:\Program Files (x86)\EWSoftware\Sandcastle Help File Builder\Data\.NETFramework\System.CodeDom.Compiler.xml
  ResolveReferenceLinksComponent: Indexing targets in C:\Program Files (x86)\EWSoftware\Sandcastle Help File Builder\Data\.NETFramework\System.Collections.ObjectModel.xml
  ResolveReferenceLinksComponent: Indexing targets in C:\Program Files (x86)\EWSoftware\Sandcastle Help File Builder\Data\.NETFramework\System.CodeDom.xml
  ResolveReferenceLinksComponent: Indexing targets in C:\Program Files (x86)\EWSoftware\Sandcastle Help File Builder\Data\.NETFramework\Microsoft.Win32.SafeHandles.xml
  ResolveReferenceLinksComponent: Indexing targets in C:\Program Files (x86)\EWSoftware\Sandcastle Help File Builder\Data\.NETFramework\System.ComponentModel.Design.Serialization.xml
  ResolveReferenceLinksComponent: Indexing targets in C:\Program Files (x86)\EWSoftware\Sandcastle Help File Builder\Data\.NETFramework\System.ComponentModel.Design.xml
  ResolveReferenceLinksComponent: Indexing targets in C:\Program Files (x86)\EWSoftware\Sandcastle Help File Builder\Data\.NETFramework\System.Collections.Specialized.xml
  ResolveReferenceLinksComponent: Indexing targets in C:\Program Files (x86)\EWSoftware\Sandcastle Help File Builder\Data\.NETFramework\System.Configuration.Provider.xml
  ResolveReferenceLinksComponent: Indexing targets in C:\Program Files (x86)\EWSoftware\Sandcastle Help File Builder\Data\.NETFramework\System.Configuration.xml
  ResolveReferenceLinksComponent: Indexing targets in C:\Program Files (x86)\EWSoftware\Sandcastle Help File Builder\Data\.NETFramework\System.Collections.xml
  ResolveReferenceLinksComponent: Indexing targets in C:\Program Files (x86)\EWSoftware\Sandcastle Help File Builder\Data\.NETFramework\System.Collections.Concurrent.xml
  ResolveReferenceLinksComponent: Indexing targets in C:\Program Files (x86)\EWSoftware\Sandcastle Help File Builder\Data\.NETFramework\System.ComponentModel.xml
  ResolveReferenceLinksComponent: Indexing targets in C:\Program Files (x86)\EWSoftware\Sandcastle Help File Builder\Data\.NETFramework\System.Data.xml
  ResolveReferenceLinksComponent: Indexing targets in C:\Program Files (x86)\EWSoftware\Sandcastle Help File Builder\Data\.NETFramework\System.Diagnostics.xml
  ResolveReferenceLinksComponent: Indexing targets in C:\Program Files (x86)\EWSoftware\Sandcastle Help File Builder\Data\.NETFramework\System.Collections.Generic.xml
  ResolveReferenceLinksComponent: Indexing targets in C:\Program Files (x86)\EWSoftware\Sandcastle Help File Builder\Data\.NETFramework\System.Drawing.Design.xml
  ResolveReferenceLinksComponent: Indexing targets in C:\Program Files (x86)\EWSoftware\Sandcastle Help File Builder\Data\.NETFramework\System.Globalization.xml
  ResolveReferenceLinksComponent: Indexing targets in C:\Program Files (x86)\EWSoftware\Sandcastle Help File Builder\Data\.NETFramework\System.IO.Compression.xml
  ResolveReferenceLinksComponent: Indexing targets in C:\Program Files (x86)\EWSoftware\Sandcastle Help File Builder\Data\.NETFramework\System.IO.Ports.xml
  ResolveReferenceLinksComponent: Indexing targets in C:\Program Files (x86)\EWSoftware\Sandcastle Help File Builder\Data\.NETFramework\System.IO.xml
  ResolveReferenceLinksComponent: Indexing targets in C:\Program Files (x86)\EWSoftware\Sandcastle Help File Builder\Data\.NETFramework\System.Net.Security.xml
  ResolveReferenceLinksComponent: Indexing targets in C:\Program Files (x86)\EWSoftware\Sandcastle Help File Builder\Data\.NETFramework\System.Net.Sockets.xml
  ResolveReferenceLinksComponent: Indexing targets in C:\Program Files (x86)\EWSoftware\Sandcastle Help File Builder\Data\.NETFramework\System.Runtime.CompilerServices.xml
  ResolveReferenceLinksComponent: Indexing targets in C:\Program Files (x86)\EWSoftware\Sandcastle Help File Builder\Data\.NETFramework\System.Media.xml
  ResolveReferenceLinksComponent: Indexing targets in C:\Program Files (x86)\EWSoftware\Sandcastle Help File Builder\Data\.NETFramework\System.Net.Cache.xml
  ResolveReferenceLinksComponent: Indexing targets in C:\Program Files (x86)\EWSoftware\Sandcastle Help File Builder\Data\.NETFramework\System.Net.Configuration.xml
  ResolveReferenceLinksComponent: Indexing targets in C:\Program Files (x86)\EWSoftware\Sandcastle Help File Builder\Data\.NETFramework\System.Net.WebSockets.xml
  ResolveReferenceLinksComponent: Indexing targets in C:\Program Files (x86)\EWSoftware\Sandcastle Help File Builder\Data\.NETFramework\System.Net.Mail.xml
  ResolveReferenceLinksComponent: Indexing targets in C:\Program Files (x86)\EWSoftware\Sandcastle Help File Builder\Data\.NETFramework\System.Net.xml
  ResolveReferenceLinksComponent: Indexing targets in C:\Program Files (x86)\EWSoftware\Sandcastle Help File Builder\Data\.NETFramework\System.Net.Mime.xml
  ResolveReferenceLinksComponent: Indexing targets in C:\Program Files (x86)\EWSoftware\Sandcastle Help File Builder\Data\.NETFramework\System.Net.NetworkInformation.xml
  ResolveReferenceLinksComponent: Indexing targets in C:\Program Files (x86)\EWSoftware\Sandcastle Help File Builder\Data\.NETFramework\System.Runtime.InteropServices.ComTypes.xml
  ResolveReferenceLinksComponent: Indexing targets in C:\Program Files (x86)\EWSoftware\Sandcastle Help File Builder\Data\.NETFramework\System.Runtime.InteropServices.xml
  ResolveReferenceLinksComponent: Indexing targets in C:\Program Files (x86)\EWSoftware\Sandcastle Help File Builder\Data\.NETFramework\System.Runtime.Serialization.xml
  ResolveReferenceLinksComponent: Indexing targets in C:\Program Files (x86)\EWSoftware\Sandcastle Help File Builder\Data\.NETFramework\System.Reflection.xml
  ResolveReferenceLinksComponent: Indexing targets in C:\Program Files (x86)\EWSoftware\Sandcastle Help File Builder\Data\.NETFramework\System.Runtime.Versioning.xml
  ResolveReferenceLinksComponent: Indexing targets in C:\Program Files (x86)\EWSoftware\Sandcastle Help File Builder\Data\.NETFramework\System.ServiceProcess.xml
  ResolveReferenceLinksComponent: Indexing targets in C:\Program Files (x86)\EWSoftware\Sandcastle Help File Builder\Data\.NETFramework\System.Security.AccessControl.xml
  ResolveReferenceLinksComponent: Indexing targets in C:\Program Files (x86)\EWSoftware\Sandcastle Help File Builder\Data\.NETFramework\System.Text.RegularExpressions.xml
  ResolveReferenceLinksComponent: Indexing targets in C:\Program Files (x86)\EWSoftware\Sandcastle Help File Builder\Data\.NETFramework\System.Resources.xml
  ResolveReferenceLinksComponent: Indexing targets in C:\Program Files (x86)\EWSoftware\Sandcastle Help File Builder\Data\.NETFramework\System.Timers.xml
  ResolveReferenceLinksComponent: Indexing targets in C:\Program Files (x86)\EWSoftware\Sandcastle Help File Builder\Data\.NETFramework\System.Web.UI.WebControls.xml
  ResolveReferenceLinksComponent: Indexing targets in C:\Program Files (x86)\EWSoftware\Sandcastle Help File Builder\Data\.NETFramework\System.Text.xml
  ResolveReferenceLinksComponent: Indexing targets in C:\Program Files (x86)\EWSoftware\Sandcastle Help File Builder\Data\.NETFramework\System.Web.Configuration.xml
  ResolveReferenceLinksComponent: Indexing targets in C:\Program Files (x86)\EWSoftware\Sandcastle Help File Builder\Data\.NETFramework\System.Threading.Tasks.xml
  ResolveReferenceLinksComponent: Indexing targets in C:\Program Files (x86)\EWSoftware\Sandcastle Help File Builder\Data\.NETFramework\System.Security.Authentication.ExtendedProtection.Configuration.xml
  ResolveReferenceLinksComponent: Indexing targets in C:\Program Files (x86)\EWSoftware\Sandcastle Help File Builder\Data\.NETFramework\System.Security.Authentication.ExtendedProtection.xml
  ResolveReferenceLinksComponent: Indexing targets in C:\Program Files (x86)\EWSoftware\Sandcastle Help File Builder\Data\.NETFramework\System.Security.Authentication.xml
  ResolveReferenceLinksComponent: Indexing targets in C:\Program Files (x86)\EWSoftware\Sandcastle Help File Builder\Data\.NETFramework\System.Security.Claims.xml
  ResolveReferenceLinksComponent: Indexing targets in C:\Program Files (x86)\EWSoftware\Sandcastle Help File Builder\Data\.NETFramework\System.Security.Cryptography.X509Certificates.xml
  ResolveReferenceLinksComponent: Indexing targets in C:\Program Files (x86)\EWSoftware\Sandcastle Help File Builder\Data\.NETFramework\System.Threading.xml
  ResolveReferenceLinksComponent: Indexing targets in C:\Program Files (x86)\EWSoftware\Sandcastle Help File Builder\Data\.NETFramework\System.Security.Cryptography.xml
  ResolveReferenceLinksComponent: Indexing targets in C:\Program Files (x86)\EWSoftware\Sandcastle Help File Builder\Data\.NETFramework\System.Windows.Forms.xml
  ResolveReferenceLinksComponent: Indexing targets in C:\Program Files (x86)\EWSoftware\Sandcastle Help File Builder\Data\.NETFramework\System.xml
  ResolveReferenceLinksComponent: Indexing targets in C:\Program Files (x86)\EWSoftware\Sandcastle Help File Builder\Data\.NETFramework\System.Security.Permissions.xml
  ResolveReferenceLinksComponent: Indexing targets in C:\Program Files (x86)\EWSoftware\Sandcastle Help File Builder\Data\.NETFramework\System.Security.Policy.xml
  ResolveReferenceLinksComponent: Indexing targets in C:\Program Files (x86)\EWSoftware\Sandcastle Help File Builder\Data\.NETFramework\System.Security.Principal.xml
  ResolveReferenceLinksComponent: Indexing targets in C:\Program Files (x86)\EWSoftware\Sandcastle Help File Builder\Data\.NETFramework\System.Security.xml
  ResolveReferenceLinksComponent: Indexing targets in C:\Program Files (x86)\EWSoftware\Sandcastle Help File Builder\Data\.NETFramework\System.Xml.Serialization.xml
  ResolveReferenceLinksComponent: Indexing targets in C:\Program Files (x86)\EWSoftware\Sandcastle Help File Builder\Data\.NETFramework\System.Xml.xml
  ResolveReferenceLinksComponent: Indexing targets in C:\Program Files (x86)\EWSoftware\Sandcastle Help File Builder\Data\.NETFramework\System.Web.UI.xml
  ResolveReferenceLinksComponent: Indexing targets in C:\Program Files (x86)\EWSoftware\Sandcastle Help File Builder\Data\.NETFramework\System.Web.xml
  ResolveReferenceLinksComponent: Indexing targets in C:\Program Files (x86)\EWSoftware\Sandcastle Help File Builder\Data\.NETFramework\System.Windows.Markup.xml
  ResolveReferenceLinksComponent: Loading Local reference link type targets
  ResolveReferenceLinksComponent: Indexing targets in C:\Users\GuQiang\Documents\Source\Repos\XPatchLib.Net.Doc\src\STANDARD1.3\WorkingPath\reflection.xml
  ResolveReferenceLinksComponent: 66227 total reference link targets
  ResolveReferenceLinksComponent: Creating MSDN URL resolver
  ResolveReferenceLinksComponent: Loaded 67 cached MSDN content ID entries
  BuildAssemblerCore: Building topic N:XPatchLib
BuildAssembler : warning : SharedContentComponent: [N:XPatchLib] Missing shared content item. Tag: &#39;include&#39;; Id:&#39;tableTitle_class&#39;. [C:\Users\GuQiang\Documents\Source\Repos\XPatchLib.Net.Doc\src\STANDARD1.3\WorkingPath\BuildTopics.proj]
BuildAssembler : warning : SharedContentComponent: [N:XPatchLib] Missing shared content item. Tag: &#39;include&#39;; Id:&#39;tableTitle_interface&#39;. [C:\Users\GuQiang\Documents\Source\Repos\XPatchLib.Net.Doc\src\STANDARD1.3\WorkingPath\BuildTopics.proj]
BuildAssembler : warning : SharedContentComponent: [N:XPatchLib] Missing shared content item. Tag: &#39;include&#39;; Id:&#39;tableTitle_enumeration&#39;. [C:\Users\GuQiang\Documents\Source\Repos\XPatchLib.Net.Doc\src\STANDARD1.3\WorkingPath\BuildTopics.proj]
  BuildAssemblerCore: Building topic T:XPatchLib.AttributeMissException
  BuildAssemblerCore: Building topic Properties.T:XPatchLib.AttributeMissException
  BuildAssemblerCore: Building topic Overload:XPatchLib.AttributeMissException.#ctor
  BuildAssemblerCore: Building topic M:XPatchLib.AttributeMissException.#ctor
  BuildAssemblerCore: Building topic M:XPatchLib.AttributeMissException.#ctor(System.String)
  BuildAssemblerCore: Building topic M:XPatchLib.AttributeMissException.#ctor(System.String,System.Exception)
  BuildAssemblerCore: Building topic M:XPatchLib.AttributeMissException.#ctor(System.Type,System.String)
  BuildAssemblerCore: Building topic P:XPatchLib.AttributeMissException.AttributeName
  BuildAssemblerCore: Building topic P:XPatchLib.AttributeMissException.ErrorType
  BuildAssemblerCore: Building topic P:XPatchLib.AttributeMissException.Message
  BuildAssemblerCore: Building topic T:XPatchLib.DateTimeSerializationMode
  BuildAssemblerCore: Building topic T:XPatchLib.Formatting
  BuildAssemblerCore: Building topic T:XPatchLib.ISerializeSetting
  BuildAssemblerCore: Building topic Properties.T:XPatchLib.ISerializeSetting
  BuildAssemblerCore: Building topic P:XPatchLib.ISerializeSetting.ActionName
  BuildAssemblerCore: Building topic P:XPatchLib.ISerializeSetting.Mode
  BuildAssemblerCore: Building topic P:XPatchLib.ISerializeSetting.SerializeDefalutValue
  BuildAssemblerCore: Building topic T:XPatchLib.ITextReader
  BuildAssemblerCore: Building topic Methods.T:XPatchLib.ITextReader
  BuildAssemblerCore: Building topic Properties.T:XPatchLib.ITextReader
  BuildAssemblerCore: Building topic Overload:XPatchLib.ITextReader.Read
  BuildAssemblerCore: Building topic P:XPatchLib.ITextReader.AttributeCount
  BuildAssemblerCore: Building topic P:XPatchLib.ITextReader.EOF
  BuildAssemblerCore: Building topic M:XPatchLib.ITextReader.MoveToCurrentElementEnd(System.String)
  BuildAssemblerCore: Building topic M:XPatchLib.ITextReader.MoveToElement
  BuildAssemblerCore: Building topic M:XPatchLib.ITextReader.MoveToNextAttribute
  BuildAssemblerCore: Building topic M:XPatchLib.ITextReader.MoveToNextElement(System.String,System.String)
  BuildAssemblerCore: Building topic P:XPatchLib.ITextReader.Name
  BuildAssemblerCore: Building topic P:XPatchLib.ITextReader.NodeType
  BuildAssemblerCore: Building topic M:XPatchLib.ITextReader.Read
  BuildAssemblerCore: Building topic M:XPatchLib.ITextReader.Read``1
  BuildAssemblerCore: Building topic P:XPatchLib.ITextReader.ReadState
  BuildAssemblerCore: Building topic M:XPatchLib.ITextReader.ReadString
  BuildAssemblerCore: Building topic P:XPatchLib.ITextReader.Setting
  BuildAssemblerCore: Building topic P:XPatchLib.ITextReader.Value
  BuildAssemblerCore: Building topic T:XPatchLib.ITextWriter
  BuildAssemblerCore: Building topic Methods.T:XPatchLib.ITextWriter
  BuildAssemblerCore: Building topic Properties.T:XPatchLib.ITextWriter
  BuildAssemblerCore: Building topic M:XPatchLib.ITextWriter.Flush
  BuildAssemblerCore: Building topic P:XPatchLib.ITextWriter.IgnoreAttributeType
  BuildAssemblerCore: Building topic P:XPatchLib.ITextWriter.Setting
  BuildAssemblerCore: Building topic M:XPatchLib.ITextWriter.WriteAttribute(System.String,System.String)
  BuildAssemblerCore: Building topic M:XPatchLib.ITextWriter.WriteEndArray
  BuildAssemblerCore: Building topic M:XPatchLib.ITextWriter.WriteEndArrayItem
  BuildAssemblerCore: Building topic M:XPatchLib.ITextWriter.WriteEndDocument
  BuildAssemblerCore: Building topic M:XPatchLib.ITextWriter.WriteEndObject
  BuildAssemblerCore: Building topic M:XPatchLib.ITextWriter.WriteEndProperty
  BuildAssemblerCore: Building topic M:XPatchLib.ITextWriter.WriteProperty(System.String,System.String)
  BuildAssemblerCore: Building topic M:XPatchLib.ITextWriter.WriteStartArray(System.String)
  BuildAssemblerCore: Building topic M:XPatchLib.ITextWriter.WriteStartArrayItem(System.String)
  BuildAssemblerCore: Building topic M:XPatchLib.ITextWriter.WriteStartDocument
  BuildAssemblerCore: Building topic M:XPatchLib.ITextWriter.WriteStartObject(System.String)
  BuildAssemblerCore: Building topic M:XPatchLib.ITextWriter.WriteStartProperty(System.String)
  BuildAssemblerCore: Building topic M:XPatchLib.ITextWriter.WriteValue(System.String)
  BuildAssemblerCore: Building topic T:XPatchLib.NodeType
  BuildAssemblerCore: Building topic T:XPatchLib.PrimaryKeyAttribute
  BuildAssemblerCore: Building topic Methods.T:XPatchLib.PrimaryKeyAttribute
  BuildAssemblerCore: Building topic M:XPatchLib.PrimaryKeyAttribute.#ctor(System.String[])
  BuildAssemblerCore: Building topic M:XPatchLib.PrimaryKeyAttribute.GetPrimaryKeys
  BuildAssemblerCore: Building topic T:XPatchLib.PrimaryKeyException
  BuildAssemblerCore: Building topic Properties.T:XPatchLib.PrimaryKeyException
  BuildAssemblerCore: Building topic Overload:XPatchLib.PrimaryKeyException.#ctor
  BuildAssemblerCore: Building topic M:XPatchLib.PrimaryKeyException.#ctor
  BuildAssemblerCore: Building topic M:XPatchLib.PrimaryKeyException.#ctor(System.String)
  BuildAssemblerCore: Building topic M:XPatchLib.PrimaryKeyException.#ctor(System.String,System.Exception)
  BuildAssemblerCore: Building topic M:XPatchLib.PrimaryKeyException.#ctor(System.Type,System.String)
  BuildAssemblerCore: Building topic P:XPatchLib.PrimaryKeyException.ErrorType
  BuildAssemblerCore: Building topic P:XPatchLib.PrimaryKeyException.Message
  BuildAssemblerCore: Building topic P:XPatchLib.PrimaryKeyException.PrimaryKeyName
  BuildAssemblerCore: Building topic T:XPatchLib.ReadState
  BuildAssemblerCore: Building topic T:XPatchLib.Serializer
  BuildAssemblerCore: Building topic Methods.T:XPatchLib.Serializer
  BuildAssemblerCore: Building topic Overload:XPatchLib.Serializer.Combine
  BuildAssemblerCore: Building topic M:XPatchLib.Serializer.#ctor(System.Type)
  BuildAssemblerCore: Building topic M:XPatchLib.Serializer.Combine(XPatchLib.ITextReader,System.Object)
  BuildAssemblerCore: Building topic M:XPatchLib.Serializer.Combine(XPatchLib.ITextReader,System.Object,System.Boolean)
  BuildAssemblerCore: Building topic M:XPatchLib.Serializer.Divide(XPatchLib.ITextWriter,System.Object,System.Object)
  BuildAssemblerCore: Building topic M:XPatchLib.Serializer.RegisterTypes(System.Collections.Generic.IDictionary{System.Type,System.String[]})
  BuildAssemblerCore: Building topic T:XPatchLib.XmlSerializeSetting
  ShowMissingComponent: [M:XPatchLib.XmlSerializeSetting.#ctor] Auto-documenting constructor
  BuildAssemblerCore: Building topic Properties.T:XPatchLib.XmlSerializeSetting
  BuildAssemblerCore: Building topic Events.T:XPatchLib.XmlSerializeSetting
  BuildAssemblerCore: Building topic M:XPatchLib.XmlSerializeSetting.#ctor
  ShowMissingComponent: [M:XPatchLib.XmlSerializeSetting.#ctor] Auto-documenting constructor
  BuildAssemblerCore: Building topic P:XPatchLib.XmlSerializeSetting.ActionName
  BuildAssemblerCore: Building topic P:XPatchLib.XmlSerializeSetting.Mode
  BuildAssemblerCore: Building topic E:XPatchLib.XmlSerializeSetting.PropertyChanged
  BuildAssemblerCore: Building topic P:XPatchLib.XmlSerializeSetting.SerializeDefalutValue
  BuildAssemblerCore: Building topic T:XPatchLib.XmlTextReader
  BuildAssemblerCore: Building topic Methods.T:XPatchLib.XmlTextReader
  BuildAssemblerCore: Building topic Properties.T:XPatchLib.XmlTextReader
  BuildAssemblerCore: Building topic Overload:XPatchLib.XmlTextReader.Read
  BuildAssemblerCore: Building topic M:XPatchLib.XmlTextReader.#ctor(System.Xml.XmlReader)
  BuildAssemblerCore: Building topic P:XPatchLib.XmlTextReader.AttributeCount
  BuildAssemblerCore: Building topic M:XPatchLib.XmlTextReader.Dispose
  BuildAssemblerCore: Building topic P:XPatchLib.XmlTextReader.EOF
  BuildAssemblerCore: Building topic M:XPatchLib.XmlTextReader.MoveToCurrentElementEnd(System.String)
  BuildAssemblerCore: Building topic M:XPatchLib.XmlTextReader.MoveToElement
  BuildAssemblerCore: Building topic M:XPatchLib.XmlTextReader.MoveToNextAttribute
  BuildAssemblerCore: Building topic M:XPatchLib.XmlTextReader.MoveToNextElement(System.String,System.String)
  BuildAssemblerCore: Building topic P:XPatchLib.XmlTextReader.Name
  BuildAssemblerCore: Building topic P:XPatchLib.XmlTextReader.NodeType
  BuildAssemblerCore: Building topic M:XPatchLib.XmlTextReader.Read
  BuildAssemblerCore: Building topic M:XPatchLib.XmlTextReader.Read``1
  BuildAssemblerCore: Building topic P:XPatchLib.XmlTextReader.ReadState
  BuildAssemblerCore: Building topic M:XPatchLib.XmlTextReader.ReadString
  BuildAssemblerCore: Building topic P:XPatchLib.XmlTextReader.Setting
  BuildAssemblerCore: Building topic P:XPatchLib.XmlTextReader.Value
  BuildAssemblerCore: Building topic T:XPatchLib.XmlTextWriter
  BuildAssemblerCore: Building topic Methods.T:XPatchLib.XmlTextWriter
  BuildAssemblerCore: Building topic Properties.T:XPatchLib.XmlTextWriter
  BuildAssemblerCore: Building topic M:XPatchLib.XmlTextWriter.#ctor(System.Xml.XmlWriter)
  BuildAssemblerCore: Building topic M:XPatchLib.XmlTextWriter.Dispose
  BuildAssemblerCore: Building topic M:XPatchLib.XmlTextWriter.Flush
  BuildAssemblerCore: Building topic P:XPatchLib.XmlTextWriter.IgnoreAttributeType
  BuildAssemblerCore: Building topic P:XPatchLib.XmlTextWriter.Setting
  BuildAssemblerCore: Building topic M:XPatchLib.XmlTextWriter.WriteAttribute(System.String,System.String)
  BuildAssemblerCore: Building topic M:XPatchLib.XmlTextWriter.WriteEndArray
  BuildAssemblerCore: Building topic M:XPatchLib.XmlTextWriter.WriteEndArrayItem
  BuildAssemblerCore: Building topic M:XPatchLib.XmlTextWriter.WriteEndDocument
  BuildAssemblerCore: Building topic M:XPatchLib.XmlTextWriter.WriteEndObject
  BuildAssemblerCore: Building topic M:XPatchLib.XmlTextWriter.WriteEndProperty
  BuildAssemblerCore: Building topic M:XPatchLib.XmlTextWriter.WriteProperty(System.String,System.String)
  BuildAssemblerCore: Building topic M:XPatchLib.XmlTextWriter.WriteStartArray(System.String)
  BuildAssemblerCore: Building topic M:XPatchLib.XmlTextWriter.WriteStartArrayItem(System.String)
  BuildAssemblerCore: Building topic M:XPatchLib.XmlTextWriter.WriteStartDocument
  BuildAssemblerCore: Building topic M:XPatchLib.XmlTextWriter.WriteStartObject(System.String)
  BuildAssemblerCore: Building topic M:XPatchLib.XmlTextWriter.WriteStartProperty(System.String)
  BuildAssemblerCore: Building topic M:XPatchLib.XmlTextWriter.WriteValue(System.String)
  BuildAssemblerCore: Building topic R:Project_XPatchLib_Helper
  Processed 129 topic(s)
  3 warning(s)
  CopyFromIndexComponent: &quot;reflection&quot; in-memory cache entries used: 6 of 15.
  CopyFromIndexComponent: &quot;comments&quot; in-memory cache entries used: 1 of 30.
  ResolveReferenceLinksComponent: MSDN content ID cache updated.  Saving new information to C:\Users\GuQiang\AppData\Local\EWSoftware\Sandcastle Help File Builder\Cache\MsdnContentId.cache
  ResolveReferenceLinksComponent: 1 entries added to the MSDN content ID cache.  New cache size: 68 entries
  SaveComponent: Waiting for the document writer task to finish (26 Website API file(s) remaining)...
已完成生成项目“C:\Users\GuQiang\Documents\Source\Repos\XPatchLib.Net.Doc\src\STANDARD1.3\WorkingPath\BuildTopics.proj”(默认目标)的操作。

已成功生成。

已用时间 00:00:09.73
    Last step completed in 00:00:10.0276
</buildStep>
<buildStep step="CombiningIntermediateTocFiles">
Combining conceptual and API intermediate TOC files...
    Last step completed in 00:00:00.0020
</buildStep>
<buildStep step="ExtractingHtmlInfo">
Extracting HTML info for HTML Help 1 and/or website...
[C:\Program Files (x86)\MSBuild\14.0\bin\MSBuild.exe - ExtractHtmlInfo.proj]
Sandcastle Help File Builder and Tools, version 2017.5.15.0
Copyright ? 2006-2017, Eric Woodruff, All Rights Reserved
E-Mail: Eric@EWoodruff.us

Using LCID &#39;2052&#39;, code page &#39;936&#39;, encoding charset &#39;gb2312&#39;.

Processing website files in C:\Users\GuQiang\Documents\Source\Repos\XPatchLib.Net.Doc\src\STANDARD1.3\WorkingPath\Output\Website
Processed 129 HTML files
Sorting keywords and generating See Also indices
Saving website keyword index to C:\Users\GuQiang\Documents\Source\Repos\XPatchLib.Net.Doc\src\STANDARD1.3\WorkingPath\WebKI.xml
Saving website table of contents to C:\Users\GuQiang\Documents\Source\Repos\XPatchLib.Net.Doc\src\STANDARD1.3\WorkingPath\WebTOC.xml
    Last step completed in 00:00:00.9500
</buildStep>
<buildStep step="CopyStandardHelpContent">
Copying standard help content...
C:\Program Files (x86)\EWSoftware\Sandcastle Help File Builder\PresentationStyles\VS2013\icons\AlertCaution.png -&gt; C:\Users\GuQiang\Documents\Source\Repos\XPatchLib.Net.Doc\src\STANDARD1.3\WorkingPath\Output\Website\icons\AlertCaution.png
C:\Program Files (x86)\EWSoftware\Sandcastle Help File Builder\PresentationStyles\VS2013\icons\AlertNote.png -&gt; C:\Users\GuQiang\Documents\Source\Repos\XPatchLib.Net.Doc\src\STANDARD1.3\WorkingPath\Output\Website\icons\AlertNote.png
C:\Program Files (x86)\EWSoftware\Sandcastle Help File Builder\PresentationStyles\VS2013\icons\AlertSecurity.png -&gt; C:\Users\GuQiang\Documents\Source\Repos\XPatchLib.Net.Doc\src\STANDARD1.3\WorkingPath\Output\Website\icons\AlertSecurity.png
C:\Program Files (x86)\EWSoftware\Sandcastle Help File Builder\PresentationStyles\VS2013\icons\CFW.gif -&gt; C:\Users\GuQiang\Documents\Source\Repos\XPatchLib.Net.Doc\src\STANDARD1.3\WorkingPath\Output\Website\icons\CFW.gif
C:\Program Files (x86)\EWSoftware\Sandcastle Help File Builder\PresentationStyles\VS2013\icons\CodeExample.png -&gt; C:\Users\GuQiang\Documents\Source\Repos\XPatchLib.Net.Doc\src\STANDARD1.3\WorkingPath\Output\Website\icons\CodeExample.png
C:\Program Files (x86)\EWSoftware\Sandcastle Help File Builder\PresentationStyles\VS2013\icons\favicon.ico -&gt; C:\Users\GuQiang\Documents\Source\Repos\XPatchLib.Net.Doc\src\STANDARD1.3\WorkingPath\Output\Website\icons\favicon.ico
C:\Program Files (x86)\EWSoftware\Sandcastle Help File Builder\PresentationStyles\VS2013\icons\privclass.gif -&gt; C:\Users\GuQiang\Documents\Source\Repos\XPatchLib.Net.Doc\src\STANDARD1.3\WorkingPath\Output\Website\icons\privclass.gif
C:\Program Files (x86)\EWSoftware\Sandcastle Help File Builder\PresentationStyles\VS2013\icons\privdelegate.gif -&gt; C:\Users\GuQiang\Documents\Source\Repos\XPatchLib.Net.Doc\src\STANDARD1.3\WorkingPath\Output\Website\icons\privdelegate.gif
C:\Program Files (x86)\EWSoftware\Sandcastle Help File Builder\PresentationStyles\VS2013\icons\privenumeration.gif -&gt; C:\Users\GuQiang\Documents\Source\Repos\XPatchLib.Net.Doc\src\STANDARD1.3\WorkingPath\Output\Website\icons\privenumeration.gif
C:\Program Files (x86)\EWSoftware\Sandcastle Help File Builder\PresentationStyles\VS2013\icons\privevent.gif -&gt; C:\Users\GuQiang\Documents\Source\Repos\XPatchLib.Net.Doc\src\STANDARD1.3\WorkingPath\Output\Website\icons\privevent.gif
C:\Program Files (x86)\EWSoftware\Sandcastle Help File Builder\PresentationStyles\VS2013\icons\privextension.gif -&gt; C:\Users\GuQiang\Documents\Source\Repos\XPatchLib.Net.Doc\src\STANDARD1.3\WorkingPath\Output\Website\icons\privextension.gif
C:\Program Files (x86)\EWSoftware\Sandcastle Help File Builder\PresentationStyles\VS2013\icons\privfield.gif -&gt; C:\Users\GuQiang\Documents\Source\Repos\XPatchLib.Net.Doc\src\STANDARD1.3\WorkingPath\Output\Website\icons\privfield.gif
C:\Program Files (x86)\EWSoftware\Sandcastle Help File Builder\PresentationStyles\VS2013\icons\privinterface.gif -&gt; C:\Users\GuQiang\Documents\Source\Repos\XPatchLib.Net.Doc\src\STANDARD1.3\WorkingPath\Output\Website\icons\privinterface.gif
C:\Program Files (x86)\EWSoftware\Sandcastle Help File Builder\PresentationStyles\VS2013\icons\privmethod.gif -&gt; C:\Users\GuQiang\Documents\Source\Repos\XPatchLib.Net.Doc\src\STANDARD1.3\WorkingPath\Output\Website\icons\privmethod.gif
C:\Program Files (x86)\EWSoftware\Sandcastle Help File Builder\PresentationStyles\VS2013\icons\privproperty.gif -&gt; C:\Users\GuQiang\Documents\Source\Repos\XPatchLib.Net.Doc\src\STANDARD1.3\WorkingPath\Output\Website\icons\privproperty.gif
C:\Program Files (x86)\EWSoftware\Sandcastle Help File Builder\PresentationStyles\VS2013\icons\privstructure.gif -&gt; C:\Users\GuQiang\Documents\Source\Repos\XPatchLib.Net.Doc\src\STANDARD1.3\WorkingPath\Output\Website\icons\privstructure.gif
C:\Program Files (x86)\EWSoftware\Sandcastle Help File Builder\PresentationStyles\VS2013\icons\protclass.gif -&gt; C:\Users\GuQiang\Documents\Source\Repos\XPatchLib.Net.Doc\src\STANDARD1.3\WorkingPath\Output\Website\icons\protclass.gif
C:\Program Files (x86)\EWSoftware\Sandcastle Help File Builder\PresentationStyles\VS2013\icons\protdelegate.gif -&gt; C:\Users\GuQiang\Documents\Source\Repos\XPatchLib.Net.Doc\src\STANDARD1.3\WorkingPath\Output\Website\icons\protdelegate.gif
C:\Program Files (x86)\EWSoftware\Sandcastle Help File Builder\PresentationStyles\VS2013\icons\protenumeration.gif -&gt; C:\Users\GuQiang\Documents\Source\Repos\XPatchLib.Net.Doc\src\STANDARD1.3\WorkingPath\Output\Website\icons\protenumeration.gif
C:\Program Files (x86)\EWSoftware\Sandcastle Help File Builder\PresentationStyles\VS2013\icons\protevent.gif -&gt; C:\Users\GuQiang\Documents\Source\Repos\XPatchLib.Net.Doc\src\STANDARD1.3\WorkingPath\Output\Website\icons\protevent.gif
C:\Program Files (x86)\EWSoftware\Sandcastle Help File Builder\PresentationStyles\VS2013\icons\protextension.gif -&gt; C:\Users\GuQiang\Documents\Source\Repos\XPatchLib.Net.Doc\src\STANDARD1.3\WorkingPath\Output\Website\icons\protextension.gif
C:\Program Files (x86)\EWSoftware\Sandcastle Help File Builder\PresentationStyles\VS2013\icons\protfield.gif -&gt; C:\Users\GuQiang\Documents\Source\Repos\XPatchLib.Net.Doc\src\STANDARD1.3\WorkingPath\Output\Website\icons\protfield.gif
C:\Program Files (x86)\EWSoftware\Sandcastle Help File Builder\PresentationStyles\VS2013\icons\protinterface.gif -&gt; C:\Users\GuQiang\Documents\Source\Repos\XPatchLib.Net.Doc\src\STANDARD1.3\WorkingPath\Output\Website\icons\protinterface.gif
C:\Program Files (x86)\EWSoftware\Sandcastle Help File Builder\PresentationStyles\VS2013\icons\protmethod.gif -&gt; C:\Users\GuQiang\Documents\Source\Repos\XPatchLib.Net.Doc\src\STANDARD1.3\WorkingPath\Output\Website\icons\protmethod.gif
C:\Program Files (x86)\EWSoftware\Sandcastle Help File Builder\PresentationStyles\VS2013\icons\protoperator.gif -&gt; C:\Users\GuQiang\Documents\Source\Repos\XPatchLib.Net.Doc\src\STANDARD1.3\WorkingPath\Output\Website\icons\protoperator.gif
C:\Program Files (x86)\EWSoftware\Sandcastle Help File Builder\PresentationStyles\VS2013\icons\protproperty.gif -&gt; C:\Users\GuQiang\Documents\Source\Repos\XPatchLib.Net.Doc\src\STANDARD1.3\WorkingPath\Output\Website\icons\protproperty.gif
C:\Program Files (x86)\EWSoftware\Sandcastle Help File Builder\PresentationStyles\VS2013\icons\protstructure.gif -&gt; C:\Users\GuQiang\Documents\Source\Repos\XPatchLib.Net.Doc\src\STANDARD1.3\WorkingPath\Output\Website\icons\protstructure.gif
C:\Program Files (x86)\EWSoftware\Sandcastle Help File Builder\PresentationStyles\VS2013\icons\pubclass.gif -&gt; C:\Users\GuQiang\Documents\Source\Repos\XPatchLib.Net.Doc\src\STANDARD1.3\WorkingPath\Output\Website\icons\pubclass.gif
C:\Program Files (x86)\EWSoftware\Sandcastle Help File Builder\PresentationStyles\VS2013\icons\pubdelegate.gif -&gt; C:\Users\GuQiang\Documents\Source\Repos\XPatchLib.Net.Doc\src\STANDARD1.3\WorkingPath\Output\Website\icons\pubdelegate.gif
C:\Program Files (x86)\EWSoftware\Sandcastle Help File Builder\PresentationStyles\VS2013\icons\pubenumeration.gif -&gt; C:\Users\GuQiang\Documents\Source\Repos\XPatchLib.Net.Doc\src\STANDARD1.3\WorkingPath\Output\Website\icons\pubenumeration.gif
C:\Program Files (x86)\EWSoftware\Sandcastle Help File Builder\PresentationStyles\VS2013\icons\pubevent.gif -&gt; C:\Users\GuQiang\Documents\Source\Repos\XPatchLib.Net.Doc\src\STANDARD1.3\WorkingPath\Output\Website\icons\pubevent.gif
C:\Program Files (x86)\EWSoftware\Sandcastle Help File Builder\PresentationStyles\VS2013\icons\pubextension.gif -&gt; C:\Users\GuQiang\Documents\Source\Repos\XPatchLib.Net.Doc\src\STANDARD1.3\WorkingPath\Output\Website\icons\pubextension.gif
C:\Program Files (x86)\EWSoftware\Sandcastle Help File Builder\PresentationStyles\VS2013\icons\pubfield.gif -&gt; C:\Users\GuQiang\Documents\Source\Repos\XPatchLib.Net.Doc\src\STANDARD1.3\WorkingPath\Output\Website\icons\pubfield.gif
C:\Program Files (x86)\EWSoftware\Sandcastle Help File Builder\PresentationStyles\VS2013\icons\pubinterface.gif -&gt; C:\Users\GuQiang\Documents\Source\Repos\XPatchLib.Net.Doc\src\STANDARD1.3\WorkingPath\Output\Website\icons\pubinterface.gif
C:\Program Files (x86)\EWSoftware\Sandcastle Help File Builder\PresentationStyles\VS2013\icons\pubmethod.gif -&gt; C:\Users\GuQiang\Documents\Source\Repos\XPatchLib.Net.Doc\src\STANDARD1.3\WorkingPath\Output\Website\icons\pubmethod.gif
C:\Program Files (x86)\EWSoftware\Sandcastle Help File Builder\PresentationStyles\VS2013\icons\puboperator.gif -&gt; C:\Users\GuQiang\Documents\Source\Repos\XPatchLib.Net.Doc\src\STANDARD1.3\WorkingPath\Output\Website\icons\puboperator.gif
C:\Program Files (x86)\EWSoftware\Sandcastle Help File Builder\PresentationStyles\VS2013\icons\pubproperty.gif -&gt; C:\Users\GuQiang\Documents\Source\Repos\XPatchLib.Net.Doc\src\STANDARD1.3\WorkingPath\Output\Website\icons\pubproperty.gif
C:\Program Files (x86)\EWSoftware\Sandcastle Help File Builder\PresentationStyles\VS2013\icons\pubstructure.gif -&gt; C:\Users\GuQiang\Documents\Source\Repos\XPatchLib.Net.Doc\src\STANDARD1.3\WorkingPath\Output\Website\icons\pubstructure.gif
C:\Program Files (x86)\EWSoftware\Sandcastle Help File Builder\PresentationStyles\VS2013\icons\SectionCollapsed.png -&gt; C:\Users\GuQiang\Documents\Source\Repos\XPatchLib.Net.Doc\src\STANDARD1.3\WorkingPath\Output\Website\icons\SectionCollapsed.png
C:\Program Files (x86)\EWSoftware\Sandcastle Help File Builder\PresentationStyles\VS2013\icons\SectionExpanded.png -&gt; C:\Users\GuQiang\Documents\Source\Repos\XPatchLib.Net.Doc\src\STANDARD1.3\WorkingPath\Output\Website\icons\SectionExpanded.png
C:\Program Files (x86)\EWSoftware\Sandcastle Help File Builder\PresentationStyles\VS2013\icons\slMobile.gif -&gt; C:\Users\GuQiang\Documents\Source\Repos\XPatchLib.Net.Doc\src\STANDARD1.3\WorkingPath\Output\Website\icons\slMobile.gif
C:\Program Files (x86)\EWSoftware\Sandcastle Help File Builder\PresentationStyles\VS2013\icons\static.gif -&gt; C:\Users\GuQiang\Documents\Source\Repos\XPatchLib.Net.Doc\src\STANDARD1.3\WorkingPath\Output\Website\icons\static.gif
C:\Program Files (x86)\EWSoftware\Sandcastle Help File Builder\PresentationStyles\VS2013\icons\xna.gif -&gt; C:\Users\GuQiang\Documents\Source\Repos\XPatchLib.Net.Doc\src\STANDARD1.3\WorkingPath\Output\Website\icons\xna.gif
C:\Program Files (x86)\EWSoftware\Sandcastle Help File Builder\PresentationStyles\VS2013\scripts\branding.js -&gt; C:\Users\GuQiang\Documents\Source\Repos\XPatchLib.Net.Doc\src\STANDARD1.3\WorkingPath\Output\Website\scripts\branding.js
C:\Program Files (x86)\EWSoftware\Sandcastle Help File Builder\PresentationStyles\VS2013\styles\branding-cs-CZ.css -&gt; C:\Users\GuQiang\Documents\Source\Repos\XPatchLib.Net.Doc\src\STANDARD1.3\WorkingPath\Output\Website\styles\branding-cs-CZ.css
C:\Program Files (x86)\EWSoftware\Sandcastle Help File Builder\PresentationStyles\VS2013\styles\branding-de-DE.css -&gt; C:\Users\GuQiang\Documents\Source\Repos\XPatchLib.Net.Doc\src\STANDARD1.3\WorkingPath\Output\Website\styles\branding-de-DE.css
C:\Program Files (x86)\EWSoftware\Sandcastle Help File Builder\PresentationStyles\VS2013\styles\branding-en-US.css -&gt; C:\Users\GuQiang\Documents\Source\Repos\XPatchLib.Net.Doc\src\STANDARD1.3\WorkingPath\Output\Website\styles\branding-en-US.css
C:\Program Files (x86)\EWSoftware\Sandcastle Help File Builder\PresentationStyles\VS2013\styles\branding-es-ES.css -&gt; C:\Users\GuQiang\Documents\Source\Repos\XPatchLib.Net.Doc\src\STANDARD1.3\WorkingPath\Output\Website\styles\branding-es-ES.css
C:\Program Files (x86)\EWSoftware\Sandcastle Help File Builder\PresentationStyles\VS2013\styles\branding-fr-FR.css -&gt; C:\Users\GuQiang\Documents\Source\Repos\XPatchLib.Net.Doc\src\STANDARD1.3\WorkingPath\Output\Website\styles\branding-fr-FR.css
C:\Program Files (x86)\EWSoftware\Sandcastle Help File Builder\PresentationStyles\VS2013\styles\branding-Help1.css -&gt; C:\Users\GuQiang\Documents\Source\Repos\XPatchLib.Net.Doc\src\STANDARD1.3\WorkingPath\Output\Website\styles\branding-Help1.css
C:\Program Files (x86)\EWSoftware\Sandcastle Help File Builder\PresentationStyles\VS2013\styles\branding-HelpViewer.css -&gt; C:\Users\GuQiang\Documents\Source\Repos\XPatchLib.Net.Doc\src\STANDARD1.3\WorkingPath\Output\Website\styles\branding-HelpViewer.css
C:\Program Files (x86)\EWSoftware\Sandcastle Help File Builder\PresentationStyles\VS2013\styles\branding-it-IT.css -&gt; C:\Users\GuQiang\Documents\Source\Repos\XPatchLib.Net.Doc\src\STANDARD1.3\WorkingPath\Output\Website\styles\branding-it-IT.css
C:\Program Files (x86)\EWSoftware\Sandcastle Help File Builder\PresentationStyles\VS2013\styles\branding-ja-JP.css -&gt; C:\Users\GuQiang\Documents\Source\Repos\XPatchLib.Net.Doc\src\STANDARD1.3\WorkingPath\Output\Website\styles\branding-ja-JP.css
C:\Program Files (x86)\EWSoftware\Sandcastle Help File Builder\PresentationStyles\VS2013\styles\branding-ko-KR.css -&gt; C:\Users\GuQiang\Documents\Source\Repos\XPatchLib.Net.Doc\src\STANDARD1.3\WorkingPath\Output\Website\styles\branding-ko-KR.css
C:\Program Files (x86)\EWSoftware\Sandcastle Help File Builder\PresentationStyles\VS2013\styles\branding-pl-PL.css -&gt; C:\Users\GuQiang\Documents\Source\Repos\XPatchLib.Net.Doc\src\STANDARD1.3\WorkingPath\Output\Website\styles\branding-pl-PL.css
C:\Program Files (x86)\EWSoftware\Sandcastle Help File Builder\PresentationStyles\VS2013\styles\branding-pt-BR.css -&gt; C:\Users\GuQiang\Documents\Source\Repos\XPatchLib.Net.Doc\src\STANDARD1.3\WorkingPath\Output\Website\styles\branding-pt-BR.css
C:\Program Files (x86)\EWSoftware\Sandcastle Help File Builder\PresentationStyles\VS2013\styles\branding-ru-RU.css -&gt; C:\Users\GuQiang\Documents\Source\Repos\XPatchLib.Net.Doc\src\STANDARD1.3\WorkingPath\Output\Website\styles\branding-ru-RU.css
C:\Program Files (x86)\EWSoftware\Sandcastle Help File Builder\PresentationStyles\VS2013\styles\branding-tr-TR.css -&gt; C:\Users\GuQiang\Documents\Source\Repos\XPatchLib.Net.Doc\src\STANDARD1.3\WorkingPath\Output\Website\styles\branding-tr-TR.css
C:\Program Files (x86)\EWSoftware\Sandcastle Help File Builder\PresentationStyles\VS2013\styles\branding-Website.css -&gt; C:\Users\GuQiang\Documents\Source\Repos\XPatchLib.Net.Doc\src\STANDARD1.3\WorkingPath\Output\Website\styles\branding-Website.css
C:\Program Files (x86)\EWSoftware\Sandcastle Help File Builder\PresentationStyles\VS2013\styles\branding-zh-CN.css -&gt; C:\Users\GuQiang\Documents\Source\Repos\XPatchLib.Net.Doc\src\STANDARD1.3\WorkingPath\Output\Website\styles\branding-zh-CN.css
C:\Program Files (x86)\EWSoftware\Sandcastle Help File Builder\PresentationStyles\VS2013\styles\branding-zh-TW.css -&gt; C:\Users\GuQiang\Documents\Source\Repos\XPatchLib.Net.Doc\src\STANDARD1.3\WorkingPath\Output\Website\styles\branding-zh-TW.css
C:\Program Files (x86)\EWSoftware\Sandcastle Help File Builder\PresentationStyles\VS2013\styles\branding.css -&gt; C:\Users\GuQiang\Documents\Source\Repos\XPatchLib.Net.Doc\src\STANDARD1.3\WorkingPath\Output\Website\styles\branding.css
C:\Program Files (x86)\EWSoftware\Sandcastle Help File Builder\PresentationStyles\VS2013\Web\index.html -&gt; C:\Users\GuQiang\Documents\Source\Repos\XPatchLib.Net.Doc\src\STANDARD1.3\WorkingPath\Output\Website\index.html
C:\Program Files (x86)\EWSoftware\Sandcastle Help File Builder\PresentationStyles\VS2013\Web\search.html -&gt; C:\Users\GuQiang\Documents\Source\Repos\XPatchLib.Net.Doc\src\STANDARD1.3\WorkingPath\Output\Website\search.html
C:\Program Files (x86)\EWSoftware\Sandcastle Help File Builder\PresentationStyles\VS2013\Web\SearchHelp.aspx -&gt; C:\Users\GuQiang\Documents\Source\Repos\XPatchLib.Net.Doc\src\STANDARD1.3\WorkingPath\Output\Website\SearchHelp.aspx
C:\Program Files (x86)\EWSoftware\Sandcastle Help File Builder\PresentationStyles\VS2013\Web\SearchHelp.inc.php -&gt; C:\Users\GuQiang\Documents\Source\Repos\XPatchLib.Net.Doc\src\STANDARD1.3\WorkingPath\Output\Website\SearchHelp.inc.php
C:\Program Files (x86)\EWSoftware\Sandcastle Help File Builder\PresentationStyles\VS2013\Web\SearchHelp.php -&gt; C:\Users\GuQiang\Documents\Source\Repos\XPatchLib.Net.Doc\src\STANDARD1.3\WorkingPath\Output\Website\SearchHelp.php
C:\Program Files (x86)\EWSoftware\Sandcastle Help File Builder\PresentationStyles\VS2013\Web\Web.Config -&gt; C:\Users\GuQiang\Documents\Source\Repos\XPatchLib.Net.Doc\src\STANDARD1.3\WorkingPath\Output\Website\Web.Config
C:\Program Files (x86)\EWSoftware\Sandcastle Help File Builder\PresentationStyles\VS2013\Web\html\GeneralError.htm -&gt; C:\Users\GuQiang\Documents\Source\Repos\XPatchLib.Net.Doc\src\STANDARD1.3\WorkingPath\Output\Website\html\GeneralError.htm
C:\Program Files (x86)\EWSoftware\Sandcastle Help File Builder\PresentationStyles\VS2013\Web\html\PageNotFound.htm -&gt; C:\Users\GuQiang\Documents\Source\Repos\XPatchLib.Net.Doc\src\STANDARD1.3\WorkingPath\Output\Website\html\PageNotFound.htm
C:\Program Files (x86)\EWSoftware\Sandcastle Help File Builder\PresentationStyles\VS2013\Web\icons\Search.png -&gt; C:\Users\GuQiang\Documents\Source\Repos\XPatchLib.Net.Doc\src\STANDARD1.3\WorkingPath\Output\Website\icons\Search.png
C:\Program Files (x86)\EWSoftware\Sandcastle Help File Builder\PresentationStyles\VS2013\Web\icons\TocClose.gif -&gt; C:\Users\GuQiang\Documents\Source\Repos\XPatchLib.Net.Doc\src\STANDARD1.3\WorkingPath\Output\Website\icons\TocClose.gif
C:\Program Files (x86)\EWSoftware\Sandcastle Help File Builder\PresentationStyles\VS2013\Web\icons\TocCollapsed.gif -&gt; C:\Users\GuQiang\Documents\Source\Repos\XPatchLib.Net.Doc\src\STANDARD1.3\WorkingPath\Output\Website\icons\TocCollapsed.gif
C:\Program Files (x86)\EWSoftware\Sandcastle Help File Builder\PresentationStyles\VS2013\Web\icons\TocExpanded.gif -&gt; C:\Users\GuQiang\Documents\Source\Repos\XPatchLib.Net.Doc\src\STANDARD1.3\WorkingPath\Output\Website\icons\TocExpanded.gif
C:\Program Files (x86)\EWSoftware\Sandcastle Help File Builder\PresentationStyles\VS2013\Web\icons\TocOpen.gif -&gt; C:\Users\GuQiang\Documents\Source\Repos\XPatchLib.Net.Doc\src\STANDARD1.3\WorkingPath\Output\Website\icons\TocOpen.gif
C:\Program Files (x86)\EWSoftware\Sandcastle Help File Builder\PresentationStyles\VS2013\Web\scripts\branding-Website.js -&gt; C:\Users\GuQiang\Documents\Source\Repos\XPatchLib.Net.Doc\src\STANDARD1.3\WorkingPath\Output\Website\scripts\branding-Website.js
C:\Program Files (x86)\EWSoftware\Sandcastle Help File Builder\PresentationStyles\VS2013\Web\scripts\clipboard.min.js -&gt; C:\Users\GuQiang\Documents\Source\Repos\XPatchLib.Net.Doc\src\STANDARD1.3\WorkingPath\Output\Website\scripts\clipboard.min.js
C:\Program Files (x86)\EWSoftware\Sandcastle Help File Builder\PresentationStyles\VS2013\Web\scripts\jquery-1.11.0.min.js -&gt; C:\Users\GuQiang\Documents\Source\Repos\XPatchLib.Net.Doc\src\STANDARD1.3\WorkingPath\Output\Website\scripts\jquery-1.11.0.min.js
    Last step completed in 00:00:00.4100
</buildStep>
<buildStep step="GenerateHelpFormatTableOfContents">
Generating website table of contents file...
    Last step completed in 00:00:00.0000
</buildStep>
<buildStep step="GenerateFullTextIndex">
Generating full-text index for the website...

<plugIn name="Lightweight Website Style" behavior="After" priority="1000">
Adding lightweight search and TOC elements to each topic...
</plugIn>    Last step completed in 00:00:00.5430
</buildStep>
<buildStep step="CopyingWebsiteFiles">
Copying website files to output folder...

Copied 372 files for the website content
    Last step completed in 00:00:00.5360
</buildStep>
<buildStep step="Completed">

Build completed successfully at 2017/06/20 23:25:04.  Total time: 00:00:20.9688

</buildStep>
</shfbBuild>
