<?xml version="1.0" encoding="utf-8"?>
<shfbBuild product="Sandcastle Help File Builder and Tools" version="2017.5.15.0" projectFile="D:\GitHub\XPatchLib.Net.Doc\src\NET35\NET35.shfbproj" started="2018/4/10 10:30:06">
<buildStep step="Initializing">
Finding tools...
The Sandcastle tools are located in &#39;C:\Program Files (x86)\EWSoftware\Sandcastle Help File Builder\&#39;
Locating components in the following folder(s):
    D:\GitHub\XPatchLib.Net.Doc\src\NET35
    C:\ProgramData\EWSoftware\Sandcastle Help File Builder\Components and Plug-Ins\
    C:\Program Files (x86)\EWSoftware\Sandcastle Help File Builder\
Using framework reflection data for &#39;.NET Framework 3.5&#39; located in &#39;C:\Program Files (x86)\EWSoftware\Sandcastle Help File Builder\Data\.NETFramework&#39;
Using presentation style &#39;VS2013&#39; located in &#39;C:\Program Files (x86)\EWSoftware\Sandcastle Help File Builder\PresentationStyles\VS2013&#39;
Loading and initializing plug-ins...
-------------------------------
Clearing any prior web/markdown output...
</buildStep>
<buildStep step="ValidatingDocumentationSources">
Validating and copying documentation source information
Source: D:\GitHub\XPatchLib.Output\Release\net35\XPatchLib.dll
    Found assembly &#39;D:\GitHub\XPatchLib.Output\Release\net35\XPatchLib.dll&#39;
Source: D:\GitHub\XPatchLib.Output\Release\net35\XPatchLib.xml

Copying XML comments files
    D:\GitHub\XPatchLib.Output\Release\net35\XPatchLib.xml -&gt; D:\GitHub\XPatchLib.Net.Doc\src\NET45\WorkingPath\9825855C\XPatchLib.xml
</buildStep>
<buildStep step="GenerateSharedContent">
Generating shared content files (zh-CN, 中文(简体，中国))...
    Last step completed in 00:00:00.0060
</buildStep>
<buildStep step="GenerateApiFilter">
Generating API filter for MRefBuilder...
    Last step completed in 00:00:00.0040
</buildStep>
<buildStep step="GenerateReflectionInfo">
Generating reflection information...
[C:\Program Files (x86)\Microsoft Visual Studio\2017\Enterprise\MSBuild\15.0\bin\MSBuild.exe - GenerateRefInfo.proj]
生成启动时间为 2018/4/10 10:30:08。
节点 1 上的项目“D:\GitHub\XPatchLib.Net.Doc\src\NET45\WorkingPath\9825855C\GenerateRefInfo.proj”(默认目标)。
PrepareForBuild:
  正在创建目录“obj\Debug\”。
_HandlePackageFileConflicts:
  “Platform:System.DirectoryServices.AccountManagement.dll”和“Platform:System.DirectoryServices.AccountManagement.dll”之间存在冲突。  由于文件和程序集版本相等，因此无法确定优胜者。
  “Platform:System.Net.dll”和“Platform:System.Net.dll”之间存在冲突。  由于文件和程序集版本相等，因此无法确定优胜者。
  “Platform:System.ComponentModel.DataAnnotations.dll”和“Platform:System.ComponentModel.DataAnnotations.dll”之间存在冲突。  由于文件和程序集版本相等，因此无法确定优胜者。
  “Platform:System.Web.Abstractions.dll”和“Platform:System.Web.Abstractions.dll”之间存在冲突。  由于文件和程序集版本相等，因此无法确定优胜者。
  “Platform:System.Web.Routing.dll”和“Platform:System.Web.Routing.dll”之间存在冲突。  由于文件和程序集版本相等，因此无法确定优胜者。
  “Platform:System.Web.DynamicData.dll”和“Platform:System.Web.DynamicData.dll”之间存在冲突。  由于文件和程序集版本相等，因此无法确定优胜者。
  “Platform:System.Web.DynamicData.Design.dll”和“Platform:System.Web.DynamicData.Design.dll”之间存在冲突。  由于文件和程序集版本相等，因此无法确定优胜者。
  “Platform:System.Web.Extensions.Design.dll”和“Platform:System.Web.Extensions.Design.dll”之间存在冲突。  由于文件和程序集版本相等，因此无法确定优胜者。
  “Platform:System.Web.Extensions.dll”和“Platform:System.Web.Extensions.dll”之间存在冲突。  由于文件和程序集版本相等，因此无法确定优胜者。
  “Platform:System.Core.dll”和“Platform:System.Core.dll”之间存在冲突。  由于文件和程序集版本相等，因此无法确定优胜者。
  “Platform:Microsoft.Build.Conversion.v3.5.dll”和“Platform:Microsoft.Build.Conversion.v3.5.dll”之间存在冲突。  由于文件和程序集版本相等，因此无法确定优胜者。
  “Platform:Microsoft.Build.Utilities.v3.5.dll”和“Platform:Microsoft.Build.Utilities.v3.5.dll”之间存在冲突。  由于文件和程序集版本相等，因此无法确定优胜者。
  “Platform:Microsoft.Build.Tasks.v3.5.dll”和“Platform:Microsoft.Build.Tasks.v3.5.dll”之间存在冲突。  由于文件和程序集版本相等，因此无法确定优胜者。
  “Platform:Microsoft.Build.Engine.dll”和“Platform:Microsoft.Build.Engine.dll”之间存在冲突。  由于文件和程序集版本相等，因此无法确定优胜者。
  “Platform:Microsoft.Build.Framework.dll”和“Platform:Microsoft.Build.Framework.dll”之间存在冲突。  由于文件和程序集版本相等，因此无法确定优胜者。
  “Platform:System.Data.DataSetExtensions.dll”和“Platform:System.Data.DataSetExtensions.dll”之间存在冲突。  由于文件和程序集版本相等，因此无法确定优胜者。
  “Platform:System.AddIn.dll”和“Platform:System.AddIn.dll”之间存在冲突。  由于文件和程序集版本相等，因此无法确定优胜者。
  “Platform:System.AddIn.Contract.dll”和“Platform:System.AddIn.Contract.dll”之间存在冲突。  由于文件和程序集版本相等，因此无法确定优胜者。
  “Platform:System.Data.Linq.dll”和“Platform:System.Data.Linq.dll”之间存在冲突。  由于文件和程序集版本相等，因此无法确定优胜者。
  “Platform:System.Xml.Linq.dll”和“Platform:System.Xml.Linq.dll”之间存在冲突。  由于文件和程序集版本相等，因此无法确定优胜者。
  “Platform:System.Management.Instrumentation.dll”和“Platform:System.Management.Instrumentation.dll”之间存在冲突。  由于文件和程序集版本相等，因此无法确定优胜者。
  “Platform:System.ServiceModel.Web.dll”和“Platform:System.ServiceModel.Web.dll”之间存在冲突。  由于文件和程序集版本相等，因此无法确定优胜者。
  “Platform:System.WorkflowServices.dll”和“Platform:System.WorkflowServices.dll”之间存在冲突。  由于文件和程序集版本相等，因此无法确定优胜者。
  “Platform:Microsoft.VisualC.STLCLR.dll”和“Platform:Microsoft.VisualC.STLCLR.dll”之间存在冲突。  由于文件和程序集版本相等，因此无法确定优胜者。
  “Platform:Microsoft.VisualC.STLCLR.dll”和“Platform:Microsoft.VisualC.STLCLR.dll”之间存在冲突。  由于文件和程序集版本相等，因此无法确定优胜者。
  “Platform:System.Windows.Presentation.dll”和“Platform:System.Windows.Presentation.dll”之间存在冲突。  由于文件和程序集版本相等，因此无法确定优胜者。
  “Platform:Sentinel.v3.5Client.dll”和“Platform:Sentinel.v3.5Client.dll”之间存在冲突。  由于文件和程序集版本相等，因此无法确定优胜者。
  “Platform:System.Data.Entity.dll”和“Platform:System.Data.Entity.dll”之间存在冲突。  由于文件和程序集版本相等，因此无法确定优胜者。
  “Platform:System.Data.Entity.Design.dll”和“Platform:System.Data.Entity.Design.dll”之间存在冲突。  由于文件和程序集版本相等，因此无法确定优胜者。
  “Platform:System.Web.Entity.dll”和“Platform:System.Web.Entity.dll”之间存在冲突。  由于文件和程序集版本相等，因此无法确定优胜者。
  “Platform:System.Web.Entity.Design.dll”和“Platform:System.Web.Entity.Design.dll”之间存在冲突。  由于文件和程序集版本相等，因此无法确定优胜者。
  “Platform:System.Data.Services.dll”和“Platform:System.Data.Services.dll”之间存在冲突。  由于文件和程序集版本相等，因此无法确定优胜者。
  “Platform:System.Data.Services.Client.dll”和“Platform:System.Data.Services.Client.dll”之间存在冲突。  由于文件和程序集版本相等，因此无法确定优胜者。
  “Platform:System.Data.Services.Design.dll”和“Platform:System.Data.Services.Design.dll”之间存在冲突。  由于文件和程序集版本相等，因此无法确定优胜者。
  “Platform:Microsoft.Build.Engine.dll”和“Platform:Microsoft.Build.Engine.dll”之间存在冲突。  选择“Platform:Microsoft.Build.Engine.dll”，因为 AssemblyVersion“3.5.0.0”高于“2.0.0.0”。
  “Platform:Microsoft.Build.Framework.dll”和“Platform:Microsoft.Build.Framework.dll”之间存在冲突。  选择“Platform:Microsoft.Build.Framework.dll”，因为 AssemblyVersion“3.5.0.0”高于“2.0.0.0”。
  “Platform:MSBuild.dll”和“Platform:MSBuild.dll”之间存在冲突。  选择“Platform:MSBuild.dll”，因为 AssemblyVersion“3.5.0.0”高于“2.0.0.0”。
  “Platform:System.DirectoryServices.AccountManagement.dll”和“Platform:System.DirectoryServices.AccountManagement.dll”之间存在冲突。  由于文件和程序集版本相等，因此无法确定优胜者。
  “Platform:System.Net.dll”和“Platform:System.Net.dll”之间存在冲突。  由于文件和程序集版本相等，因此无法确定优胜者。
  “Platform:System.ComponentModel.DataAnnotations.dll”和“Platform:System.ComponentModel.DataAnnotations.dll”之间存在冲突。  由于文件和程序集版本相等，因此无法确定优胜者。
  “Platform:System.Web.Abstractions.dll”和“Platform:System.Web.Abstractions.dll”之间存在冲突。  由于文件和程序集版本相等，因此无法确定优胜者。
  “Platform:System.Web.Routing.dll”和“Platform:System.Web.Routing.dll”之间存在冲突。  由于文件和程序集版本相等，因此无法确定优胜者。
  “Platform:System.Web.DynamicData.dll”和“Platform:System.Web.DynamicData.dll”之间存在冲突。  由于文件和程序集版本相等，因此无法确定优胜者。
  “Platform:System.Web.DynamicData.Design.dll”和“Platform:System.Web.DynamicData.Design.dll”之间存在冲突。  由于文件和程序集版本相等，因此无法确定优胜者。
  “Platform:System.Web.Extensions.Design.dll”和“Platform:System.Web.Extensions.Design.dll”之间存在冲突。  由于文件和程序集版本相等，因此无法确定优胜者。
  “Platform:System.Web.Extensions.dll”和“Platform:System.Web.Extensions.dll”之间存在冲突。  由于文件和程序集版本相等，因此无法确定优胜者。
  “Platform:System.Core.dll”和“Platform:System.Core.dll”之间存在冲突。  由于文件和程序集版本相等，因此无法确定优胜者。
  “Platform:Microsoft.Build.Conversion.v3.5.dll”和“Platform:Microsoft.Build.Conversion.v3.5.dll”之间存在冲突。  由于文件和程序集版本相等，因此无法确定优胜者。
  “Platform:Microsoft.Build.Utilities.v3.5.dll”和“Platform:Microsoft.Build.Utilities.v3.5.dll”之间存在冲突。  由于文件和程序集版本相等，因此无法确定优胜者。
  “Platform:Microsoft.Build.Tasks.v3.5.dll”和“Platform:Microsoft.Build.Tasks.v3.5.dll”之间存在冲突。  由于文件和程序集版本相等，因此无法确定优胜者。
  “Platform:Microsoft.Build.Engine.dll”和“Platform:Microsoft.Build.Engine.dll”之间存在冲突。  由于文件和程序集版本相等，因此无法确定优胜者。
  “Platform:Microsoft.Build.Framework.dll”和“Platform:Microsoft.Build.Framework.dll”之间存在冲突。  由于文件和程序集版本相等，因此无法确定优胜者。
  “Platform:System.Data.DataSetExtensions.dll”和“Platform:System.Data.DataSetExtensions.dll”之间存在冲突。  由于文件和程序集版本相等，因此无法确定优胜者。
  “Platform:System.AddIn.dll”和“Platform:System.AddIn.dll”之间存在冲突。  由于文件和程序集版本相等，因此无法确定优胜者。
  “Platform:System.AddIn.Contract.dll”和“Platform:System.AddIn.Contract.dll”之间存在冲突。  由于文件和程序集版本相等，因此无法确定优胜者。
  “Platform:System.Data.Linq.dll”和“Platform:System.Data.Linq.dll”之间存在冲突。  由于文件和程序集版本相等，因此无法确定优胜者。
  “Platform:System.Xml.Linq.dll”和“Platform:System.Xml.Linq.dll”之间存在冲突。  由于文件和程序集版本相等，因此无法确定优胜者。
  “Platform:System.Management.Instrumentation.dll”和“Platform:System.Management.Instrumentation.dll”之间存在冲突。  由于文件和程序集版本相等，因此无法确定优胜者。
  “Platform:System.ServiceModel.Web.dll”和“Platform:System.ServiceModel.Web.dll”之间存在冲突。  由于文件和程序集版本相等，因此无法确定优胜者。
  “Platform:System.WorkflowServices.dll”和“Platform:System.WorkflowServices.dll”之间存在冲突。  由于文件和程序集版本相等，因此无法确定优胜者。
  “Platform:Microsoft.VisualC.STLCLR.dll”和“Platform:Microsoft.VisualC.STLCLR.dll”之间存在冲突。  由于文件和程序集版本相等，因此无法确定优胜者。
  “Platform:Microsoft.VisualC.STLCLR.dll”和“Platform:Microsoft.VisualC.STLCLR.dll”之间存在冲突。  由于文件和程序集版本相等，因此无法确定优胜者。
  “Platform:System.Windows.Presentation.dll”和“Platform:System.Windows.Presentation.dll”之间存在冲突。  由于文件和程序集版本相等，因此无法确定优胜者。
  “Platform:Sentinel.v3.5Client.dll”和“Platform:Sentinel.v3.5Client.dll”之间存在冲突。  由于文件和程序集版本相等，因此无法确定优胜者。
  “Platform:System.Data.Entity.dll”和“Platform:System.Data.Entity.dll”之间存在冲突。  由于文件和程序集版本相等，因此无法确定优胜者。
  “Platform:System.Data.Entity.Design.dll”和“Platform:System.Data.Entity.Design.dll”之间存在冲突。  由于文件和程序集版本相等，因此无法确定优胜者。
  “Platform:System.Web.Entity.dll”和“Platform:System.Web.Entity.dll”之间存在冲突。  由于文件和程序集版本相等，因此无法确定优胜者。
  “Platform:System.Web.Entity.Design.dll”和“Platform:System.Web.Entity.Design.dll”之间存在冲突。  由于文件和程序集版本相等，因此无法确定优胜者。
  “Platform:System.Data.Services.dll”和“Platform:System.Data.Services.dll”之间存在冲突。  由于文件和程序集版本相等，因此无法确定优胜者。
  “Platform:System.Data.Services.Client.dll”和“Platform:System.Data.Services.Client.dll”之间存在冲突。  由于文件和程序集版本相等，因此无法确定优胜者。
  “Platform:System.Data.Services.Design.dll”和“Platform:System.Data.Services.Design.dll”之间存在冲突。  由于文件和程序集版本相等，因此无法确定优胜者。
  “Platform:Microsoft.Build.Engine.dll”和“Platform:Microsoft.Build.Engine.dll”之间存在冲突。  选择“Platform:Microsoft.Build.Engine.dll”，因为 AssemblyVersion“3.5.0.0”高于“2.0.0.0”。
  “Platform:Microsoft.Build.Framework.dll”和“Platform:Microsoft.Build.Framework.dll”之间存在冲突。  选择“Platform:Microsoft.Build.Framework.dll”，因为 AssemblyVersion“3.5.0.0”高于“2.0.0.0”。
  “Platform:MSBuild.dll”和“Platform:MSBuild.dll”之间存在冲突。  选择“Platform:MSBuild.dll”，因为 AssemblyVersion“3.5.0.0”高于“2.0.0.0”。
GenerateRefInfo:
  MRefBuilder (v2017.5.15.0)
  Copyright ? 2006-2017, Microsoft Corporation, All Rights Reserved.
  Portions Copyright ? 2006-2016, Eric Woodruff, All Rights Reserved.
  No source code context base path specified.  Source context information is unavailable.
  Loaded 1 assemblies for reflection and 1 dependency assemblies.
  Wrote information on 1 namespaces, 17 types, and 139 members
  正在将文件从“reflection.org”复制到“reflection.all”。
  XslTransform (v2017.5.15.0)
  Copyright ? 2006-2017, Microsoft Corporation, All Rights Reserved.
  Portions Copyright ? 2006-2016, Eric Woodruff, All Rights Reserved.
  Applying XSL transformation &#39;C:\Program Files (x86)\EWSoftware\Sandcastle Help File Builder\ProductionTransforms\MergeDuplicates.xsl&#39;.
已完成生成项目“D:\GitHub\XPatchLib.Net.Doc\src\NET45\WorkingPath\9825855C\GenerateRefInfo.proj”(默认目标)的操作。
    Last step completed in 00:00:03.4922
</buildStep>
<buildStep step="Completed">

Build completed successfully at 2018/4/10 10:30:11.  Total time: 00:00:04.3542

</buildStep>
</shfbBuild>
