<?xml version="1.0" encoding="utf-8"?>
<shfbBuild product="Sandcastle Help File Builder and Tools" version="2017.5.15.0" projectFile="D:\GitHub\XPatchLib.Net.Doc\src\NET40\NET40.shfbproj" started="2018/2/5 17:24:34">
<buildStep step="Initializing">
Finding tools...
The Sandcastle tools are located in &#39;C:\Program Files (x86)\EWSoftware\Sandcastle Help File Builder\&#39;
Locating components in the following folder(s):
    D:\GitHub\XPatchLib.Net.Doc\src\NET40
    C:\ProgramData\EWSoftware\Sandcastle Help File Builder\Components and Plug-Ins\
    C:\Program Files (x86)\EWSoftware\Sandcastle Help File Builder\
Using framework reflection data for &#39;.NET Framework 4.0&#39; located in &#39;C:\Program Files (x86)\EWSoftware\Sandcastle Help File Builder\Data\.NETFramework&#39;
Using presentation style &#39;VS2013&#39; located in &#39;C:\Program Files (x86)\EWSoftware\Sandcastle Help File Builder\PresentationStyles\VS2013&#39;
Loading and initializing plug-ins...
Version Builder Version 2017.5.15.0
Copyright &#169; 2006-2017, Eric Woodruff, All Rights Reserved
Lightweight Website Style Version 2017.5.15.0
Copyright &#169; 2006-2017, Eric Woodruff, All Rights Reserved
Portions Copyright &#169; 2014, Sam Harwell, All Rights Reserved
-------------------------------
Clearing any prior web/markdown output...
</buildStep>
<buildStep step="ValidatingDocumentationSources">
Validating and copying documentation source information
Source: D:\GitHub\XPatchLib.Output\Release\net40\XPatchLib.dll
    Found assembly &#39;D:\GitHub\XPatchLib.Output\Release\net40\XPatchLib.dll&#39;
Source: D:\GitHub\XPatchLib.Output\Release\net40\XPatchLib.xml

Copying XML comments files
    D:\GitHub\XPatchLib.Output\Release\net40\XPatchLib.xml -&gt; D:\GitHub\XPatchLib.Net.Doc\src\NET40\WorkingPath\XPatchLib.xml
</buildStep>
<buildStep step="GenerateSharedContent">
Generating shared content files (zh-CN, 中文(简体，中国))...
<plugIn name="Version Builder" behavior="After" priority="1000">
Removing standard version information items from shared content file
Adding version information items from plug-in settings
</plugIn><plugIn name="Lightweight Website Style" behavior="After" priority="1000">
</plugIn>    Last step completed in 00:00:00.0490
</buildStep>
<buildStep step="GenerateApiFilter">
Generating API filter for MRefBuilder...
    Last step completed in 00:00:00.0170
</buildStep>
<buildStep step="GenerateReflectionInfo">
Generating reflection information...
[C:\Program Files (x86)\Microsoft Visual Studio\2017\Enterprise\MSBuild\15.0\bin\MSBuild.exe - GenerateRefInfo.proj]
生成启动时间为 2018/2/5 17:24:38。
节点 1 上的项目“D:\GitHub\XPatchLib.Net.Doc\src\NET40\WorkingPath\GenerateRefInfo.proj”(默认目标)。
PrepareForBuild:
  正在创建目录“obj\Debug\”。
GenerateRefInfo:
  MRefBuilder (v2017.5.15.0)
  Copyright ? 2006-2017, Microsoft Corporation, All Rights Reserved.
  Portions Copyright ? 2006-2016, Eric Woodruff, All Rights Reserved.
  No source code context base path specified.  Source context information is unavailable.
  Loaded 1 assemblies for reflection and 1 dependency assemblies.
  Wrote information on 1 namespaces, 17 types, and 139 members
  正在将文件从“reflection.org”复制到“reflection.all”。
  XslTransform (v2017.5.15.0)
  Copyright ? 2006-2017, Microsoft Corporation, All Rights Reserved.
  Portions Copyright ? 2006-2016, Eric Woodruff, All Rights Reserved.
  Applying XSL transformation &#39;C:\Program Files (x86)\EWSoftware\Sandcastle Help File Builder\ProductionTransforms\MergeDuplicates.xsl&#39;.
已完成生成项目“D:\GitHub\XPatchLib.Net.Doc\src\NET40\WorkingPath\GenerateRefInfo.proj”(默认目标)的操作。
    Last step completed in 00:00:05.8219
</buildStep>
<buildStep step="TransformReflectionInfo">
Transforming reflection output...
<plugIn name="Version Builder" behavior="Before" priority="1000">

Performing partial builds on prior version projects

Building D:\GitHub\XPatchLib.Net.Doc\src\NET35\NET35.shfbproj
Initializing
ValidatingDocumentationSources
GenerateSharedContent
GenerateApiFilter
GenerateReflectionInfo
Completed

Building D:\GitHub\XPatchLib.Net.Doc\src\NET20\NET20.shfbproj
Initializing
ValidatingDocumentationSources
GenerateSharedContent
GenerateApiFilter
GenerateReflectionInfo
Completed

Building D:\GitHub\XPatchLib.Net.Doc\src\STANDARD1.3\STANDARD1.3.shfbproj
Initializing
ValidatingDocumentationSources
GenerateSharedContent
GenerateApiFilter
GenerateReflectionInfo
Completed

Building D:\GitHub\XPatchLib.Net.Doc\src\STANDARD1.0\STANDARD1.0.shfbproj
Initializing
ValidatingDocumentationSources
GenerateSharedContent
GenerateApiFilter
GenerateReflectionInfo
Completed
Creating Version Builder configuration file
Adding Version Builder parameters to TransformManifest.proj
</plugIn>[C:\Program Files (x86)\Microsoft Visual Studio\2017\Enterprise\MSBuild\15.0\bin\MSBuild.exe - TransformManifest.proj]
生成启动时间为 2018/2/5 17:26:31。
节点 1 上的项目“D:\GitHub\XPatchLib.Net.Doc\src\NET40\WorkingPath\TransformManifest.proj”(默认目标)。
TransformManifest:
  VersionBuilder (v2017.5.15.0)
  Copyright ? 2006-2017, Microsoft Corporation, All Rights Reserved.
  Portions Copyright ? 2006-2016, Eric Woodruff, All Rights Reserved.
  Indexing version &#39;SHFB_VBPI_7AAB446&#39; using file &#39;3F7F3D18.ver&#39;.
  Indexing version &#39;SHFB_VBPI_A9D4B446&#39; using file &#39;1239F614.ver&#39;.
  Indexing version &#39;SHFB_VBPI_1E74B446&#39; using file &#39;6F928176.ver&#39;.
  Indexing version &#39;SHFB_VBPI_370927D6&#39; using file &#39;BF6634E.ver&#39;.
  Indexing version &#39;SHFB_VBPI_370927D5&#39; using file &#39;AE25634E.ver&#39;.
  Indexed 159 entities in 5 versions.
  XslTransform (v2017.5.15.0)
  Copyright ? 2006-2017, Microsoft Corporation, All Rights Reserved.
  Portions Copyright ? 2006-2016, Eric Woodruff, All Rights Reserved.
  Applying XSL transformation &#39;C:\Program Files (x86)\EWSoftware\Sandcastle Help File Builder\\ProductionTransforms\ApplyVSDocModel.xsl&#39;.
  正在将文件从“reflection.xml”复制到“reflection.nofilenames”。
  XslTransform (v2017.5.15.0)
  Copyright ? 2006-2017, Microsoft Corporation, All Rights Reserved.
  Portions Copyright ? 2006-2016, Eric Woodruff, All Rights Reserved.
  Applying XSL transformation &#39;C:\Program Files (x86)\EWSoftware\Sandcastle Help File Builder\ProductionTransforms\AddFilenames.xsl&#39;.
  XslTransform (v2017.5.15.0)
  Copyright ? 2006-2017, Microsoft Corporation, All Rights Reserved.
  Portions Copyright ? 2006-2016, Eric Woodruff, All Rights Reserved.
  Applying XSL transformation &#39;C:\Program Files (x86)\EWSoftware\Sandcastle Help File Builder\ProductionTransforms\ReflectionToManifest.xsl&#39;.
已完成生成项目“D:\GitHub\XPatchLib.Net.Doc\src\NET40\WorkingPath\TransformManifest.proj”(默认目标)的操作。
    Last step completed in 00:01:50.2475
</buildStep>
<buildStep step="GenerateNamespaceSummaries">
Generating namespace summary information...
    Last step completed in 00:00:00.0380
</buildStep>
<buildStep step="CopyAdditionalContent">
Copying additional content files...
No additional content to copy
    Last step completed in 00:00:00.0040
</buildStep>
<buildStep step="MergeTablesOfContents">
Merging conceptual and additional tables of contents...
    Last step completed in 00:00:00.0010
</buildStep>
<buildStep step="GenerateIntermediateTableOfContents">
Generating intermediate table of contents file...
[C:\Program Files (x86)\Microsoft Visual Studio\2017\Enterprise\MSBuild\15.0\bin\MSBuild.exe - GenerateIntermediateTOC.proj]
生成启动时间为 2018/2/5 17:26:33。
节点 1 上的项目“D:\GitHub\XPatchLib.Net.Doc\src\NET40\WorkingPath\GenerateIntermediateTOC.proj”(默认目标)。
GenerateIntermediateTOC:
  XslTransform (v2017.5.15.0)
  Copyright ? 2006-2017, Microsoft Corporation, All Rights Reserved.
  Portions Copyright ? 2006-2016, Eric Woodruff, All Rights Reserved.
  Applying XSL transformation &#39;C:\Program Files (x86)\EWSoftware\Sandcastle Help File Builder\\ProductionTransforms\CreateVSToc.xsl&#39;.
已完成生成项目“D:\GitHub\XPatchLib.Net.Doc\src\NET40\WorkingPath\GenerateIntermediateTOC.proj”(默认目标)的操作。
Generating conceptual content intermediate TOC file...
    Last step completed in 00:00:00.8700
</buildStep>
<buildStep step="CreateBuildAssemblerConfigs">
Creating Sandcastle configuration files...
    sandcastle.config
    Last step completed in 00:00:00.4310
</buildStep>
<buildStep step="MergeCustomConfigs">
Merging custom build component configurations
D:\GitHub\XPatchLib.Net.Doc\src\NET40\WorkingPath\sandcastle.config
  Updating reference topic configurations.
  No conceptual content.  Removing conceptual content components.
    Last step completed in 00:00:00.0130
</buildStep>
<buildStep step="BuildTopics">
Building help topics...
[C:\Program Files (x86)\Microsoft Visual Studio\2017\Enterprise\MSBuild\15.0\bin\MSBuild.exe - BuildTopics.proj]
生成启动时间为 2018/2/5 17:26:35。
节点 1 上的项目“D:\GitHub\XPatchLib.Net.Doc\src\NET40\WorkingPath\BuildTopics.proj”(默认目标)。
BuildTopics:
  BuildAssembler (v2017.5.15.0)
  Copyright ? 2006-2017, Microsoft Corporation, All Rights Reserved.
  Portions Copyright ? 2006-2016, Eric Woodruff, All Rights Reserved.
  SwitchComponent: Loading components for API case
  CopyFromFileComponent: Loading data file &#39;C:\Program Files (x86)\EWSoftware\Sandcastle Help File Builder\PresentationStyles\VS2013\Transforms\skeleton.xml&#39;.
  CopyFromFileComponent: Loaded 1 copy commands
  CopyFromIndexComponent: Searching for files that match &#39;*.xml&#39; in &#39;C:\Program Files (x86)\EWSoftware\Sandcastle Help File Builder\Data\.NETFramework&#39;
  CopyFromIndexComponent: Searching for files that match &#39;reflection.xml&#39; in &#39;D:\GitHub\XPatchLib.Net.Doc\src\NET40\WorkingPath&#39;
  CopyFromIndexComponent: Indexed 71705 elements
  ForEachComponent: Loading subcomponents.
  ForEachComponent: Loaded 1 subcomponents.
  ForEachComponent: Loading subcomponents.
  ForEachComponent: Loaded 1 subcomponents.
  ForEachComponent: Loading subcomponents.
  ForEachComponent: Loaded 1 subcomponents.
  ForEachComponent: Loading subcomponents.
  ForEachComponent: Loaded 1 subcomponents.
  ForEachComponent: Loading subcomponents.
  ForEachComponent: Loaded 1 subcomponents.
  ForEachComponent: Loading subcomponents.
  ForEachComponent: Loaded 1 subcomponents.
  ForEachComponent: Loading subcomponents.
  ForEachComponent: Loaded 1 subcomponents.
  SyntaxComponent: Loaded 1 syntax generators.
  CopyFromIndexComponent: Searching for files that match &#39;*.xml&#39; in &#39;C:\Program Files (x86)\Reference Assemblies\Microsoft\Framework\.NETFramework\v4.0&#39;
  CopyFromIndexComponent: Searching for files that match &#39;XPatchLib.xml&#39; in &#39;D:\GitHub\XPatchLib.Net.Doc\src\NET40\WorkingPath\D093A9B3&#39;
  CopyFromIndexComponent: Searching for files that match &#39;XPatchLib.xml&#39; in &#39;D:\GitHub\XPatchLib.Net.Doc\src\NET40\WorkingPath\BFAA7393&#39;
  CopyFromIndexComponent: Searching for files that match &#39;XPatchLib.xml&#39; in &#39;D:\GitHub\XPatchLib.Net.Doc\src\NET40\WorkingPath\D525F60&#39;
  CopyFromIndexComponent: Searching for files that match &#39;XPatchLib.xml&#39; in &#39;D:\GitHub\XPatchLib.Net.Doc\src\NET40\WorkingPath\9825855C&#39;
  CopyFromIndexComponent: Searching for files that match &#39;XPatchLib.xml&#39; in &#39;D:\GitHub\XPatchLib.Net.Doc\src\NET40\WorkingPath&#39;
  CopyFromIndexComponent: Indexed 145003 elements
  ForEachComponent: Loading subcomponents.
  ForEachComponent: Loaded 2 subcomponents.
  ShowMissingComponent: [Sandcastle Help File Builder and Tools, version 2017.5.15.0]
      Show Missing Documentation Component. Copyright ? 2006-2015, Eric Woodruff, All Rights Reserved
      https://GitHub.com/EWSoftware/SHFB
  CodeBlockComponent: [Sandcastle Help File Builder and Tools, version 2017.5.15.0]
      Code Block Component.  Copyright ? 2006-2017, Eric Woodruff, All Rights Reserved.
      Portions copyright (c) 2003-2015, Jonathan de Halleux, All rights reserved.
      https://GitHub.com/EWSoftware/SHFB
  MultiFormatOutputComponent: [Sandcastle Help File Builder and Tools, version 2017.5.15.0]
      Multi-Format Output Component. Copyright ? 2006-2017, Eric Woodruff, All Rights Reserved
      https://GitHub.com/EWSoftware/SHFB
  MultiFormatOutputComponent: Loading components for Website format
  SharedContentComponent: Searching for files that match &#39;C:\Program Files (x86)\EWSoftware\Sandcastle Help File Builder\PresentationStyles\VS2013\Content\zh-CN\shared_content.xml&#39;.
  SharedContentComponent: Loading shared content file &#39;C:\Program Files (x86)\EWSoftware\Sandcastle Help File Builder\PresentationStyles\VS2013\Content\zh-CN\shared_content.xml&#39;.
  SharedContentComponent: Found 1 files in C:\Program Files (x86)\EWSoftware\Sandcastle Help File Builder\PresentationStyles\VS2013\Content\zh-CN\shared_content.xml.
  SharedContentComponent: Searching for files that match &#39;C:\Program Files (x86)\EWSoftware\Sandcastle Help File Builder\PresentationStyles\VS2013\Content\zh-CN\reference_content.xml&#39;.
  SharedContentComponent: Loading shared content file &#39;C:\Program Files (x86)\EWSoftware\Sandcastle Help File Builder\PresentationStyles\VS2013\Content\zh-CN\reference_content.xml&#39;.
  SharedContentComponent: Found 1 files in C:\Program Files (x86)\EWSoftware\Sandcastle Help File Builder\PresentationStyles\VS2013\Content\zh-CN\reference_content.xml.
  SharedContentComponent: Searching for files that match &#39;SHFBContent.xml&#39;.
  SharedContentComponent: Loading shared content file &#39;D:\GitHub\XPatchLib.Net.Doc\src\NET40\WorkingPath\SHFBContent.xml&#39;.
  SharedContentComponent: Overriding shared content item &#39;copyright_info&#39; with value in file &#39;D:\GitHub\XPatchLib.Net.Doc\src\NET40\WorkingPath\SHFBContent.xml&#39;.
  SharedContentComponent: Overriding shared content item &#39;copyright_link&#39; with value in file &#39;D:\GitHub\XPatchLib.Net.Doc\src\NET40\WorkingPath\SHFBContent.xml&#39;.
  SharedContentComponent: Overriding shared content item &#39;copyright_text&#39; with value in file &#39;D:\GitHub\XPatchLib.Net.Doc\src\NET40\WorkingPath\SHFBContent.xml&#39;.
  SharedContentComponent: Overriding shared content item &#39;header&#39; with value in file &#39;D:\GitHub\XPatchLib.Net.Doc\src\NET40\WorkingPath\SHFBContent.xml&#39;.
  SharedContentComponent: Overriding shared content item &#39;topicTitle_root&#39; with value in file &#39;D:\GitHub\XPatchLib.Net.Doc\src\NET40\WorkingPath\SHFBContent.xml&#39;.
  SharedContentComponent: Overriding shared content item &#39;productTitle&#39; with value in file &#39;D:\GitHub\XPatchLib.Net.Doc\src\NET40\WorkingPath\SHFBContent.xml&#39;.
  SharedContentComponent: Overriding shared content item &#39;runningHeaderText&#39; with value in file &#39;D:\GitHub\XPatchLib.Net.Doc\src\NET40\WorkingPath\SHFBContent.xml&#39;.
  SharedContentComponent: Overriding shared content item &#39;locale&#39; with value in file &#39;D:\GitHub\XPatchLib.Net.Doc\src\NET40\WorkingPath\SHFBContent.xml&#39;.
  SharedContentComponent: Overriding shared content item &#39;brandingLocaleCss&#39; with value in file &#39;D:\GitHub\XPatchLib.Net.Doc\src\NET40\WorkingPath\SHFBContent.xml&#39;.
  SharedContentComponent: Found 1 files in SHFBContent.xml.
  SharedContentComponent: Searching for files that match &#39;AspNet.xml&#39;.
  SharedContentComponent: Loading shared content file &#39;D:\GitHub\XPatchLib.Net.Doc\src\NET40\WorkingPath\AspNet.xml&#39;.
  SharedContentComponent: Found 1 files in AspNet.xml.
  SharedContentComponent: Searching for files that match &#39;XSharp.xml&#39;.
  SharedContentComponent: Loading shared content file &#39;D:\GitHub\XPatchLib.Net.Doc\src\NET40\WorkingPath\XSharp.xml&#39;.
  SharedContentComponent: Found 1 files in XSharp.xml.
  SharedContentComponent: Searching for files that match &#39;ManagedCPlusPlus.xml&#39;.
  SharedContentComponent: Loading shared content file &#39;D:\GitHub\XPatchLib.Net.Doc\src\NET40\WorkingPath\ManagedCPlusPlus.xml&#39;.
  SharedContentComponent: Found 1 files in ManagedCPlusPlus.xml.
  SharedContentComponent: Searching for files that match &#39;CSharp.xml&#39;.
  SharedContentComponent: Loading shared content file &#39;D:\GitHub\XPatchLib.Net.Doc\src\NET40\WorkingPath\CSharp.xml&#39;.
  SharedContentComponent: Found 1 files in CSharp.xml.
  SharedContentComponent: Searching for files that match &#39;FSharp.xml&#39;.
  SharedContentComponent: Loading shared content file &#39;D:\GitHub\XPatchLib.Net.Doc\src\NET40\WorkingPath\FSharp.xml&#39;.
  SharedContentComponent: Found 1 files in FSharp.xml.
  SharedContentComponent: Searching for files that match &#39;JavaScript.xml&#39;.
  SharedContentComponent: Loading shared content file &#39;D:\GitHub\XPatchLib.Net.Doc\src\NET40\WorkingPath\JavaScript.xml&#39;.
  SharedContentComponent: Found 1 files in JavaScript.xml.
  SharedContentComponent: Searching for files that match &#39;JScript.xml&#39;.
  SharedContentComponent: Loading shared content file &#39;D:\GitHub\XPatchLib.Net.Doc\src\NET40\WorkingPath\JScript.xml&#39;.
  SharedContentComponent: Found 1 files in JScript.xml.
  SharedContentComponent: Searching for files that match &#39;JSharp.xml&#39;.
  SharedContentComponent: Loading shared content file &#39;D:\GitHub\XPatchLib.Net.Doc\src\NET40\WorkingPath\JSharp.xml&#39;.
  SharedContentComponent: Found 1 files in JSharp.xml.
  SharedContentComponent: Searching for files that match &#39;VisualBasic.xml&#39;.
  SharedContentComponent: Loading shared content file &#39;D:\GitHub\XPatchLib.Net.Doc\src\NET40\WorkingPath\VisualBasic.xml&#39;.
  SharedContentComponent: Found 1 files in VisualBasic.xml.
  SharedContentComponent: Searching for files that match &#39;VisualBasicUsage.xml&#39;.
  SharedContentComponent: Loading shared content file &#39;D:\GitHub\XPatchLib.Net.Doc\src\NET40\WorkingPath\VisualBasicUsage.xml&#39;.
  SharedContentComponent: Found 1 files in VisualBasicUsage.xml.
  SharedContentComponent: Searching for files that match &#39;XAML.xml&#39;.
  SharedContentComponent: Loading shared content file &#39;D:\GitHub\XPatchLib.Net.Doc\src\NET40\WorkingPath\XAML.xml&#39;.
  SharedContentComponent: Found 1 files in XAML.xml.
  SharedContentComponent: Loaded 681 shared content items.
  ResolveConceptualLinksComponent: Collected 1 targets directories.
  ResolveReferenceLinksComponent: Loading Msdn reference link type targets
  ResolveReferenceLinksComponent: Indexing targets in C:\Program Files (x86)\EWSoftware\Sandcastle Help File Builder\Data\.NETFramework\Microsoft.CSharp.xml
  ResolveReferenceLinksComponent: Indexing targets in C:\Program Files (x86)\EWSoftware\Sandcastle Help File Builder\Data\.NETFramework\Microsoft.VisualBasic.xml
  ResolveReferenceLinksComponent: Indexing targets in C:\Program Files (x86)\EWSoftware\Sandcastle Help File Builder\Data\.NETFramework\Microsoft.Win32.xml
  ResolveReferenceLinksComponent: Indexing targets in C:\Program Files (x86)\EWSoftware\Sandcastle Help File Builder\Data\.NETFramework\System.CodeDom.Compiler.xml
  ResolveReferenceLinksComponent: Indexing targets in C:\Program Files (x86)\EWSoftware\Sandcastle Help File Builder\Data\.NETFramework\System.Collections.ObjectModel.xml
  ResolveReferenceLinksComponent: Indexing targets in C:\Program Files (x86)\EWSoftware\Sandcastle Help File Builder\Data\.NETFramework\System.ComponentModel.Design.Serialization.xml
  ResolveReferenceLinksComponent: Indexing targets in C:\Program Files (x86)\EWSoftware\Sandcastle Help File Builder\Data\.NETFramework\System.ComponentModel.Design.xml
  ResolveReferenceLinksComponent: Indexing targets in C:\Program Files (x86)\EWSoftware\Sandcastle Help File Builder\Data\.NETFramework\System.CodeDom.xml
  ResolveReferenceLinksComponent: Indexing targets in C:\Program Files (x86)\EWSoftware\Sandcastle Help File Builder\Data\.NETFramework\System.Data.xml
  ResolveReferenceLinksComponent: Indexing targets in C:\Program Files (x86)\EWSoftware\Sandcastle Help File Builder\Data\.NETFramework\System.Collections.Concurrent.xml
  ResolveReferenceLinksComponent: Indexing targets in C:\Program Files (x86)\EWSoftware\Sandcastle Help File Builder\Data\.NETFramework\System.Collections.Specialized.xml
  ResolveReferenceLinksComponent: Indexing targets in C:\Program Files (x86)\EWSoftware\Sandcastle Help File Builder\Data\.NETFramework\System.ComponentModel.xml
  ResolveReferenceLinksComponent: Indexing targets in C:\Program Files (x86)\EWSoftware\Sandcastle Help File Builder\Data\.NETFramework\System.Collections.xml
  ResolveReferenceLinksComponent: Indexing targets in C:\Program Files (x86)\EWSoftware\Sandcastle Help File Builder\Data\.NETFramework\System.Diagnostics.xml
  ResolveReferenceLinksComponent: Indexing targets in C:\Program Files (x86)\EWSoftware\Sandcastle Help File Builder\Data\.NETFramework\System.Collections.Generic.xml
  ResolveReferenceLinksComponent: Indexing targets in C:\Program Files (x86)\EWSoftware\Sandcastle Help File Builder\Data\.NETFramework\System.Globalization.xml
  ResolveReferenceLinksComponent: Indexing targets in C:\Program Files (x86)\EWSoftware\Sandcastle Help File Builder\Data\.NETFramework\System.Drawing.Design.xml
  ResolveReferenceLinksComponent: Indexing targets in C:\Program Files (x86)\EWSoftware\Sandcastle Help File Builder\Data\.NETFramework\System.Drawing.Drawing2D.xml
  ResolveReferenceLinksComponent: Indexing targets in C:\Program Files (x86)\EWSoftware\Sandcastle Help File Builder\Data\.NETFramework\System.Drawing.Imaging.xml
  ResolveReferenceLinksComponent: Indexing targets in C:\Program Files (x86)\EWSoftware\Sandcastle Help File Builder\Data\.NETFramework\System.Configuration.Provider.xml
  ResolveReferenceLinksComponent: Indexing targets in C:\Program Files (x86)\EWSoftware\Sandcastle Help File Builder\Data\.NETFramework\System.Configuration.xml
  ResolveReferenceLinksComponent: Indexing targets in C:\Program Files (x86)\EWSoftware\Sandcastle Help File Builder\Data\.NETFramework\System.IO.Compression.xml
  ResolveReferenceLinksComponent: Indexing targets in C:\Program Files (x86)\EWSoftware\Sandcastle Help File Builder\Data\.NETFramework\System.IO.Ports.xml
  ResolveReferenceLinksComponent: Indexing targets in C:\Program Files (x86)\EWSoftware\Sandcastle Help File Builder\Data\.NETFramework\System.IO.xml
  ResolveReferenceLinksComponent: Indexing targets in C:\Program Files (x86)\EWSoftware\Sandcastle Help File Builder\Data\.NETFramework\System.Drawing.Printing.xml
  ResolveReferenceLinksComponent: Indexing targets in C:\Program Files (x86)\EWSoftware\Sandcastle Help File Builder\Data\.NETFramework\System.Drawing.Text.xml
  ResolveReferenceLinksComponent: Indexing targets in C:\Program Files (x86)\EWSoftware\Sandcastle Help File Builder\Data\.NETFramework\System.Drawing.xml
  ResolveReferenceLinksComponent: Indexing targets in C:\Program Files (x86)\EWSoftware\Sandcastle Help File Builder\Data\.NETFramework\System.Net.Mail.xml
  ResolveReferenceLinksComponent: Indexing targets in C:\Program Files (x86)\EWSoftware\Sandcastle Help File Builder\Data\.NETFramework\System.Net.Mime.xml
  ResolveReferenceLinksComponent: Indexing targets in C:\Program Files (x86)\EWSoftware\Sandcastle Help File Builder\Data\.NETFramework\System.Net.NetworkInformation.xml
  ResolveReferenceLinksComponent: Indexing targets in C:\Program Files (x86)\EWSoftware\Sandcastle Help File Builder\Data\.NETFramework\System.Net.xml
  ResolveReferenceLinksComponent: Indexing targets in C:\Program Files (x86)\EWSoftware\Sandcastle Help File Builder\Data\.NETFramework\System.Media.xml
  ResolveReferenceLinksComponent: Indexing targets in C:\Program Files (x86)\EWSoftware\Sandcastle Help File Builder\Data\.NETFramework\System.Net.Cache.xml
  ResolveReferenceLinksComponent: Indexing targets in C:\Program Files (x86)\EWSoftware\Sandcastle Help File Builder\Data\.NETFramework\System.Net.Configuration.xml
  ResolveReferenceLinksComponent: Indexing targets in C:\Program Files (x86)\EWSoftware\Sandcastle Help File Builder\Data\.NETFramework\System.Runtime.InteropServices.ComTypes.xml
  ResolveReferenceLinksComponent: Indexing targets in C:\Program Files (x86)\EWSoftware\Sandcastle Help File Builder\Data\.NETFramework\System.Net.Security.xml
  ResolveReferenceLinksComponent: Indexing targets in C:\Program Files (x86)\EWSoftware\Sandcastle Help File Builder\Data\.NETFramework\System.Runtime.InteropServices.xml
  ResolveReferenceLinksComponent: Indexing targets in C:\Program Files (x86)\EWSoftware\Sandcastle Help File Builder\Data\.NETFramework\System.Dynamic.xml
  ResolveReferenceLinksComponent: Indexing targets in C:\Program Files (x86)\EWSoftware\Sandcastle Help File Builder\Data\.NETFramework\System.Reflection.xml
  ResolveReferenceLinksComponent: Indexing targets in C:\Program Files (x86)\EWSoftware\Sandcastle Help File Builder\Data\.NETFramework\System.Net.Sockets.xml
  ResolveReferenceLinksComponent: Indexing targets in C:\Program Files (x86)\EWSoftware\Sandcastle Help File Builder\Data\.NETFramework\System.Runtime.Serialization.Configuration.xml
  ResolveReferenceLinksComponent: Indexing targets in C:\Program Files (x86)\EWSoftware\Sandcastle Help File Builder\Data\.NETFramework\System.Runtime.Serialization.Formatters.xml
  ResolveReferenceLinksComponent: Indexing targets in C:\Program Files (x86)\EWSoftware\Sandcastle Help File Builder\Data\.NETFramework\System.Security.Authentication.ExtendedProtection.Configuration.xml
  ResolveReferenceLinksComponent: Indexing targets in C:\Program Files (x86)\EWSoftware\Sandcastle Help File Builder\Data\.NETFramework\System.Runtime.Serialization.Json.xml
  ResolveReferenceLinksComponent: Indexing targets in C:\Program Files (x86)\EWSoftware\Sandcastle Help File Builder\Data\.NETFramework\System.Security.Authentication.ExtendedProtection.xml
  ResolveReferenceLinksComponent: Indexing targets in C:\Program Files (x86)\EWSoftware\Sandcastle Help File Builder\Data\.NETFramework\System.Security.Authentication.xml
  ResolveReferenceLinksComponent: Indexing targets in C:\Program Files (x86)\EWSoftware\Sandcastle Help File Builder\Data\.NETFramework\System.Runtime.Serialization.xml
  ResolveReferenceLinksComponent: Indexing targets in C:\Program Files (x86)\EWSoftware\Sandcastle Help File Builder\Data\.NETFramework\System.Security.Cryptography.X509Certificates.xml
  ResolveReferenceLinksComponent: Indexing targets in C:\Program Files (x86)\EWSoftware\Sandcastle Help File Builder\Data\.NETFramework\System.Security.Cryptography.xml
  ResolveReferenceLinksComponent: Indexing targets in C:\Program Files (x86)\EWSoftware\Sandcastle Help File Builder\Data\.NETFramework\System.Resources.xml
  ResolveReferenceLinksComponent: Indexing targets in C:\Program Files (x86)\EWSoftware\Sandcastle Help File Builder\Data\.NETFramework\System.Runtime.CompilerServices.xml
  ResolveReferenceLinksComponent: Indexing targets in C:\Program Files (x86)\EWSoftware\Sandcastle Help File Builder\Data\.NETFramework\System.Runtime.Versioning.xml
  ResolveReferenceLinksComponent: Indexing targets in C:\Program Files (x86)\EWSoftware\Sandcastle Help File Builder\Data\.NETFramework\System.Security.AccessControl.xml
  ResolveReferenceLinksComponent: Indexing targets in C:\Program Files (x86)\EWSoftware\Sandcastle Help File Builder\Data\.NETFramework\System.Security.Permissions.xml
  ResolveReferenceLinksComponent: Indexing targets in C:\Program Files (x86)\EWSoftware\Sandcastle Help File Builder\Data\.NETFramework\System.ServiceModel.xml
  ResolveReferenceLinksComponent: Indexing targets in C:\Program Files (x86)\EWSoftware\Sandcastle Help File Builder\Data\.NETFramework\System.Timers.xml
  ResolveReferenceLinksComponent: Indexing targets in C:\Program Files (x86)\EWSoftware\Sandcastle Help File Builder\Data\.NETFramework\System.Web.Configuration.xml
  ResolveReferenceLinksComponent: Indexing targets in C:\Program Files (x86)\EWSoftware\Sandcastle Help File Builder\Data\.NETFramework\System.Web.UI.WebControls.xml
  ResolveReferenceLinksComponent: Indexing targets in C:\Program Files (x86)\EWSoftware\Sandcastle Help File Builder\Data\.NETFramework\System.Security.Policy.xml
  ResolveReferenceLinksComponent: Indexing targets in C:\Program Files (x86)\EWSoftware\Sandcastle Help File Builder\Data\.NETFramework\System.Security.Principal.xml
  ResolveReferenceLinksComponent: Indexing targets in C:\Program Files (x86)\EWSoftware\Sandcastle Help File Builder\Data\.NETFramework\System.Security.xml
  ResolveReferenceLinksComponent: Indexing targets in C:\Program Files (x86)\EWSoftware\Sandcastle Help File Builder\Data\.NETFramework\System.Windows.Forms.xml
  ResolveReferenceLinksComponent: Indexing targets in C:\Program Files (x86)\EWSoftware\Sandcastle Help File Builder\Data\.NETFramework\System.ServiceProcess.xml
  ResolveReferenceLinksComponent: Indexing targets in C:\Program Files (x86)\EWSoftware\Sandcastle Help File Builder\Data\.NETFramework\System.xml
  ResolveReferenceLinksComponent: Indexing targets in C:\Program Files (x86)\EWSoftware\Sandcastle Help File Builder\Data\.NETFramework\System.Text.RegularExpressions.xml
  ResolveReferenceLinksComponent: Indexing targets in C:\Program Files (x86)\EWSoftware\Sandcastle Help File Builder\Data\.NETFramework\System.Text.xml
  ResolveReferenceLinksComponent: Indexing targets in C:\Program Files (x86)\EWSoftware\Sandcastle Help File Builder\Data\.NETFramework\System.Threading.xml
  ResolveReferenceLinksComponent: Indexing targets in C:\Program Files (x86)\EWSoftware\Sandcastle Help File Builder\Data\.NETFramework\System.Xml.Serialization.xml
  ResolveReferenceLinksComponent: Indexing targets in C:\Program Files (x86)\EWSoftware\Sandcastle Help File Builder\Data\.NETFramework\System.Xml.xml
  ResolveReferenceLinksComponent: Indexing targets in C:\Program Files (x86)\EWSoftware\Sandcastle Help File Builder\Data\.NETFramework\System.Web.UI.xml
  ResolveReferenceLinksComponent: Indexing targets in C:\Program Files (x86)\EWSoftware\Sandcastle Help File Builder\Data\.NETFramework\System.Xml.Schema.xml
  ResolveReferenceLinksComponent: Indexing targets in C:\Program Files (x86)\EWSoftware\Sandcastle Help File Builder\Data\.NETFramework\System.Web.xml
  ResolveReferenceLinksComponent: Loading Local reference link type targets
  ResolveReferenceLinksComponent: Indexing targets in D:\GitHub\XPatchLib.Net.Doc\src\NET40\WorkingPath\reflection.xml
  ResolveReferenceLinksComponent: 71705 total reference link targets
  ResolveReferenceLinksComponent: Creating MSDN URL resolver
  ResolveReferenceLinksComponent: Loaded 41 cached MSDN content ID entries
  BuildAssemblerCore: Building topic N:XPatchLib
BuildAssembler : warning : SharedContentComponent: [N:XPatchLib] Missing shared content item. Tag: &#39;include&#39;; Id:&#39;tableTitle_class&#39;. [D:\GitHub\XPatchLib.Net.Doc\src\NET40\WorkingPath\BuildTopics.proj]
BuildAssembler : warning : SharedContentComponent: [N:XPatchLib] Missing shared content item. Tag: &#39;include&#39;; Id:&#39;tableTitle_interface&#39;. [D:\GitHub\XPatchLib.Net.Doc\src\NET40\WorkingPath\BuildTopics.proj]
BuildAssembler : warning : SharedContentComponent: [N:XPatchLib] Missing shared content item. Tag: &#39;include&#39;; Id:&#39;tableTitle_enumeration&#39;. [D:\GitHub\XPatchLib.Net.Doc\src\NET40\WorkingPath\BuildTopics.proj]
  BuildAssemblerCore: Building topic T:XPatchLib.AttributeMissException
  BuildAssemblerCore: Building topic Methods.T:XPatchLib.AttributeMissException
  BuildAssemblerCore: Building topic Properties.T:XPatchLib.AttributeMissException
  BuildAssemblerCore: Building topic Overload:XPatchLib.AttributeMissException.#ctor
  BuildAssemblerCore: Building topic M:XPatchLib.AttributeMissException.#ctor
  BuildAssemblerCore: Building topic M:XPatchLib.AttributeMissException.#ctor(System.String)
  BuildAssemblerCore: Building topic M:XPatchLib.AttributeMissException.#ctor(System.String,System.Exception)
  BuildAssemblerCore: Building topic M:XPatchLib.AttributeMissException.#ctor(System.Type,System.String)
  BuildAssemblerCore: Building topic P:XPatchLib.AttributeMissException.AttributeName
  BuildAssemblerCore: Building topic P:XPatchLib.AttributeMissException.ErrorType
  BuildAssemblerCore: Building topic M:XPatchLib.AttributeMissException.GetObjectData(System.Runtime.Serialization.SerializationInfo,System.Runtime.Serialization.StreamingContext)
  BuildAssemblerCore: Building topic P:XPatchLib.AttributeMissException.Message
  BuildAssemblerCore: Building topic T:XPatchLib.DateTimeSerializationMode
  BuildAssemblerCore: Building topic T:XPatchLib.Formatting
  BuildAssemblerCore: Building topic T:XPatchLib.ISerializeSetting
  BuildAssemblerCore: Building topic Properties.T:XPatchLib.ISerializeSetting
  BuildAssemblerCore: Building topic P:XPatchLib.ISerializeSetting.ActionName
  BuildAssemblerCore: Building topic P:XPatchLib.ISerializeSetting.AssemblyQualifiedName
  BuildAssemblerCore: Building topic P:XPatchLib.ISerializeSetting.EnableOnDeserializedAttribute
  BuildAssemblerCore: Building topic P:XPatchLib.ISerializeSetting.EnableOnDeserializingAttribute
  BuildAssemblerCore: Building topic P:XPatchLib.ISerializeSetting.EnableOnSerializedAttribute
  BuildAssemblerCore: Building topic P:XPatchLib.ISerializeSetting.EnableOnSerializingAttribute
  BuildAssemblerCore: Building topic P:XPatchLib.ISerializeSetting.IgnoreAttributeType
  BuildAssemblerCore: Building topic P:XPatchLib.ISerializeSetting.MemberType
  BuildAssemblerCore: Building topic P:XPatchLib.ISerializeSetting.Mode
  BuildAssemblerCore: Building topic P:XPatchLib.ISerializeSetting.Modifier
  BuildAssemblerCore: Building topic P:XPatchLib.ISerializeSetting.SerializeDefalutValue
  BuildAssemblerCore: Building topic T:XPatchLib.ITextReader
  BuildAssemblerCore: Building topic Methods.T:XPatchLib.ITextReader
  BuildAssemblerCore: Building topic Properties.T:XPatchLib.ITextReader
  BuildAssemblerCore: Building topic P:XPatchLib.ITextReader.EOF
  BuildAssemblerCore: Building topic M:XPatchLib.ITextReader.GetAttributes
  BuildAssemblerCore: Building topic M:XPatchLib.ITextReader.GetValue
  BuildAssemblerCore: Building topic P:XPatchLib.ITextReader.Name
  BuildAssemblerCore: Building topic P:XPatchLib.ITextReader.NodeType
  BuildAssemblerCore: Building topic M:XPatchLib.ITextReader.Read
  BuildAssemblerCore: Building topic P:XPatchLib.ITextReader.ReadState
  BuildAssemblerCore: Building topic P:XPatchLib.ITextReader.Setting
  BuildAssemblerCore: Building topic T:XPatchLib.ITextWriter
  BuildAssemblerCore: Building topic Methods.T:XPatchLib.ITextWriter
  BuildAssemblerCore: Building topic Properties.T:XPatchLib.ITextWriter
  BuildAssemblerCore: Building topic M:XPatchLib.ITextWriter.Flush
  BuildAssemblerCore: Building topic P:XPatchLib.ITextWriter.Formatting
  BuildAssemblerCore: Building topic P:XPatchLib.ITextWriter.Indentation
  BuildAssemblerCore: Building topic P:XPatchLib.ITextWriter.IndentChar
  BuildAssemblerCore: Building topic P:XPatchLib.ITextWriter.QuoteChar
  BuildAssemblerCore: Building topic P:XPatchLib.ITextWriter.Setting
  BuildAssemblerCore: Building topic M:XPatchLib.ITextWriter.WriteAttribute(System.String,System.String)
  BuildAssemblerCore: Building topic M:XPatchLib.ITextWriter.WriteEndArray
  BuildAssemblerCore: Building topic M:XPatchLib.ITextWriter.WriteEndArrayItem
  BuildAssemblerCore: Building topic M:XPatchLib.ITextWriter.WriteEndDocument
  BuildAssemblerCore: Building topic M:XPatchLib.ITextWriter.WriteEndObject
  BuildAssemblerCore: Building topic M:XPatchLib.ITextWriter.WriteEndProperty
  BuildAssemblerCore: Building topic M:XPatchLib.ITextWriter.WriteProperty(System.String,System.String)
  BuildAssemblerCore: Building topic M:XPatchLib.ITextWriter.WriteStartArray(System.String)
  BuildAssemblerCore: Building topic M:XPatchLib.ITextWriter.WriteStartArrayItem(System.String)
  BuildAssemblerCore: Building topic M:XPatchLib.ITextWriter.WriteStartDocument
  BuildAssemblerCore: Building topic M:XPatchLib.ITextWriter.WriteStartObject(System.String)
  BuildAssemblerCore: Building topic M:XPatchLib.ITextWriter.WriteStartProperty(System.String)
  BuildAssemblerCore: Building topic M:XPatchLib.ITextWriter.WriteValue(System.String)
  BuildAssemblerCore: Building topic T:XPatchLib.NodeType
  BuildAssemblerCore: Building topic T:XPatchLib.PrimaryKeyAttribute
  BuildAssemblerCore: Building topic Methods.T:XPatchLib.PrimaryKeyAttribute
  BuildAssemblerCore: Building topic M:XPatchLib.PrimaryKeyAttribute.#ctor(System.String[])
  BuildAssemblerCore: Building topic M:XPatchLib.PrimaryKeyAttribute.GetPrimaryKeys
  BuildAssemblerCore: Building topic T:XPatchLib.PrimaryKeyException
  BuildAssemblerCore: Building topic Methods.T:XPatchLib.PrimaryKeyException
  BuildAssemblerCore: Building topic Properties.T:XPatchLib.PrimaryKeyException
  BuildAssemblerCore: Building topic Overload:XPatchLib.PrimaryKeyException.#ctor
  BuildAssemblerCore: Building topic M:XPatchLib.PrimaryKeyException.#ctor
  BuildAssemblerCore: Building topic M:XPatchLib.PrimaryKeyException.#ctor(System.String)
  BuildAssemblerCore: Building topic M:XPatchLib.PrimaryKeyException.#ctor(System.String,System.Exception)
  BuildAssemblerCore: Building topic M:XPatchLib.PrimaryKeyException.#ctor(System.Type,System.String)
  BuildAssemblerCore: Building topic P:XPatchLib.PrimaryKeyException.ErrorType
  BuildAssemblerCore: Building topic M:XPatchLib.PrimaryKeyException.GetObjectData(System.Runtime.Serialization.SerializationInfo,System.Runtime.Serialization.StreamingContext)
  BuildAssemblerCore: Building topic P:XPatchLib.PrimaryKeyException.Message
  BuildAssemblerCore: Building topic P:XPatchLib.PrimaryKeyException.PrimaryKeyName
  BuildAssemblerCore: Building topic T:XPatchLib.ReadState
  BuildAssemblerCore: Building topic T:XPatchLib.SerializeMemberModifier
  BuildAssemblerCore: Building topic T:XPatchLib.SerializeMemberType
  BuildAssemblerCore: Building topic T:XPatchLib.Serializer
  ShowMissingComponent: [M:XPatchLib.Serializer.Dispose] Auto-documenting dispose method
  BuildAssemblerCore: Building topic Methods.T:XPatchLib.Serializer
  BuildAssemblerCore: Building topic Overload:XPatchLib.Serializer.Combine
  BuildAssemblerCore: Building topic M:XPatchLib.Serializer.#ctor(System.Type)
  BuildAssemblerCore: Building topic M:XPatchLib.Serializer.Combine(XPatchLib.ITextReader,System.Object)
  BuildAssemblerCore: Building topic M:XPatchLib.Serializer.Combine(XPatchLib.ITextReader,System.Object,System.Boolean)
  BuildAssemblerCore: Building topic M:XPatchLib.Serializer.Dispose
  ShowMissingComponent: [M:XPatchLib.Serializer.Dispose] Auto-documenting dispose method
  BuildAssemblerCore: Building topic M:XPatchLib.Serializer.Divide(XPatchLib.ITextWriter,System.Object,System.Object)
  BuildAssemblerCore: Building topic M:XPatchLib.Serializer.RegisterType(System.Type,System.String[])
  BuildAssemblerCore: Building topic T:XPatchLib.SerializeSetting
  BuildAssemblerCore: Building topic Methods.T:XPatchLib.SerializeSetting
  BuildAssemblerCore: Building topic Properties.T:XPatchLib.SerializeSetting
  BuildAssemblerCore: Building topic Events.T:XPatchLib.SerializeSetting
  BuildAssemblerCore: Building topic P:XPatchLib.SerializeSetting.ActionName
  BuildAssemblerCore: Building topic P:XPatchLib.SerializeSetting.AssemblyQualifiedName
  BuildAssemblerCore: Building topic M:XPatchLib.SerializeSetting.Clone
  BuildAssemblerCore: Building topic P:XPatchLib.SerializeSetting.EnableOnDeserializedAttribute
  BuildAssemblerCore: Building topic P:XPatchLib.SerializeSetting.EnableOnDeserializingAttribute
  BuildAssemblerCore: Building topic P:XPatchLib.SerializeSetting.EnableOnSerializedAttribute
  BuildAssemblerCore: Building topic P:XPatchLib.SerializeSetting.EnableOnSerializingAttribute
  BuildAssemblerCore: Building topic P:XPatchLib.SerializeSetting.IgnoreAttributeType
  BuildAssemblerCore: Building topic P:XPatchLib.SerializeSetting.MemberType
  BuildAssemblerCore: Building topic P:XPatchLib.SerializeSetting.Mode
  BuildAssemblerCore: Building topic P:XPatchLib.SerializeSetting.Modifier
  BuildAssemblerCore: Building topic E:XPatchLib.SerializeSetting.PropertyChanged
  BuildAssemblerCore: Building topic P:XPatchLib.SerializeSetting.SerializeDefalutValue
  BuildAssemblerCore: Building topic T:XPatchLib.XmlSerializeSetting
  ShowMissingComponent: [M:XPatchLib.XmlSerializeSetting.#ctor] Auto-documenting constructor
  BuildAssemblerCore: Building topic Methods.T:XPatchLib.XmlSerializeSetting
  BuildAssemblerCore: Building topic Properties.T:XPatchLib.XmlSerializeSetting
  BuildAssemblerCore: Building topic M:XPatchLib.XmlSerializeSetting.#ctor
  ShowMissingComponent: [M:XPatchLib.XmlSerializeSetting.#ctor] Auto-documenting constructor
  BuildAssemblerCore: Building topic M:XPatchLib.XmlSerializeSetting.Clone
  BuildAssemblerCore: Building topic P:XPatchLib.XmlSerializeSetting.IgnoreAttributeType
  BuildAssemblerCore: Building topic T:XPatchLib.XmlTextReader
  BuildAssemblerCore: Building topic Methods.T:XPatchLib.XmlTextReader
  BuildAssemblerCore: Building topic Properties.T:XPatchLib.XmlTextReader
  BuildAssemblerCore: Building topic Overload:XPatchLib.XmlTextReader.#ctor
  BuildAssemblerCore: Building topic M:XPatchLib.XmlTextReader.#ctor(System.IO.Stream)
  BuildAssemblerCore: Building topic M:XPatchLib.XmlTextReader.#ctor(System.IO.TextReader)
  BuildAssemblerCore: Building topic M:XPatchLib.XmlTextReader.#ctor(System.String)
  BuildAssemblerCore: Building topic M:XPatchLib.XmlTextReader.Dispose
  BuildAssemblerCore: Building topic P:XPatchLib.XmlTextReader.EOF
  BuildAssemblerCore: Building topic M:XPatchLib.XmlTextReader.GetAttributes
  BuildAssemblerCore: Building topic M:XPatchLib.XmlTextReader.GetValue
  BuildAssemblerCore: Building topic P:XPatchLib.XmlTextReader.Name
  BuildAssemblerCore: Building topic P:XPatchLib.XmlTextReader.NodeType
  BuildAssemblerCore: Building topic M:XPatchLib.XmlTextReader.Read
  BuildAssemblerCore: Building topic P:XPatchLib.XmlTextReader.ReadState
  BuildAssemblerCore: Building topic P:XPatchLib.XmlTextReader.Setting
  BuildAssemblerCore: Building topic T:XPatchLib.XmlTextWriter
  BuildAssemblerCore: Building topic Methods.T:XPatchLib.XmlTextWriter
  BuildAssemblerCore: Building topic Properties.T:XPatchLib.XmlTextWriter
  BuildAssemblerCore: Building topic Overload:XPatchLib.XmlTextWriter.#ctor
  BuildAssemblerCore: Building topic M:XPatchLib.XmlTextWriter.#ctor(System.IO.Stream,System.Text.Encoding)
  BuildAssemblerCore: Building topic M:XPatchLib.XmlTextWriter.#ctor(System.IO.TextWriter)
  BuildAssemblerCore: Building topic M:XPatchLib.XmlTextWriter.#ctor(System.String,System.Text.Encoding)
  BuildAssemblerCore: Building topic M:XPatchLib.XmlTextWriter.Dispose
  BuildAssemblerCore: Building topic M:XPatchLib.XmlTextWriter.Flush
  BuildAssemblerCore: Building topic P:XPatchLib.XmlTextWriter.Formatting
  BuildAssemblerCore: Building topic P:XPatchLib.XmlTextWriter.Indentation
  BuildAssemblerCore: Building topic P:XPatchLib.XmlTextWriter.IndentChar
  BuildAssemblerCore: Building topic P:XPatchLib.XmlTextWriter.QuoteChar
  BuildAssemblerCore: Building topic P:XPatchLib.XmlTextWriter.Setting
  BuildAssemblerCore: Building topic M:XPatchLib.XmlTextWriter.WriteAttribute(System.String,System.String)
  BuildAssemblerCore: Building topic M:XPatchLib.XmlTextWriter.WriteEndArray
  BuildAssemblerCore: Building topic M:XPatchLib.XmlTextWriter.WriteEndArrayItem
  BuildAssemblerCore: Building topic M:XPatchLib.XmlTextWriter.WriteEndDocument
  BuildAssemblerCore: Building topic M:XPatchLib.XmlTextWriter.WriteEndObject
  BuildAssemblerCore: Building topic M:XPatchLib.XmlTextWriter.WriteEndProperty
  BuildAssemblerCore: Building topic M:XPatchLib.XmlTextWriter.WriteProperty(System.String,System.String)
  BuildAssemblerCore: Building topic M:XPatchLib.XmlTextWriter.WriteStartArray(System.String)
  BuildAssemblerCore: Building topic M:XPatchLib.XmlTextWriter.WriteStartArrayItem(System.String)
  BuildAssemblerCore: Building topic M:XPatchLib.XmlTextWriter.WriteStartDocument
  BuildAssemblerCore: Building topic M:XPatchLib.XmlTextWriter.WriteStartObject(System.String)
  BuildAssemblerCore: Building topic M:XPatchLib.XmlTextWriter.WriteStartProperty(System.String)
  BuildAssemblerCore: Building topic M:XPatchLib.XmlTextWriter.WriteValue(System.String)
  BuildAssemblerCore: Building topic T:XPatchLib.ICloneable
  BuildAssemblerCore: Building topic Methods.T:XPatchLib.ICloneable
  BuildAssemblerCore: Building topic M:XPatchLib.ICloneable.Clone
  BuildAssemblerCore: Building topic R:Project_XPatchLib_Helper
  Processed 160 topic(s)
  3 warning(s)
  CopyFromIndexComponent: &quot;reflection&quot; in-memory cache entries used: 7 of 15.
  CopyFromIndexComponent: &quot;comments&quot; in-memory cache entries used: 3 of 30.
已完成生成项目“D:\GitHub\XPatchLib.Net.Doc\src\NET40\WorkingPath\BuildTopics.proj”(默认目标)的操作。
    Last step completed in 00:00:18.9084
</buildStep>
<buildStep step="CombiningIntermediateTocFiles">
Combining conceptual and API intermediate TOC files...
    Last step completed in 00:00:00.0040
</buildStep>
<buildStep step="ExtractingHtmlInfo">
Extracting HTML info for HTML Help 1 and/or website...
[C:\Program Files (x86)\Microsoft Visual Studio\2017\Enterprise\MSBuild\15.0\bin\MSBuild.exe - ExtractHtmlInfo.proj]
Sandcastle Help File Builder and Tools, version 2017.5.15.0
Copyright ? 2006-2017, Eric Woodruff, All Rights Reserved
E-Mail: Eric@EWoodruff.us

Using LCID &#39;2052&#39;, code page &#39;936&#39;, encoding charset &#39;gb2312&#39;.

Processing website files in D:\GitHub\XPatchLib.Net.Doc\src\NET40\WorkingPath\Output\Website
Processed 160 HTML files
Sorting keywords and generating See Also indices
Saving website keyword index to D:\GitHub\XPatchLib.Net.Doc\src\NET40\WorkingPath\WebKI.xml
Saving website table of contents to D:\GitHub\XPatchLib.Net.Doc\src\NET40\WorkingPath\WebTOC.xml
    Last step completed in 00:00:00.8930
</buildStep>
<buildStep step="CopyStandardHelpContent">
Copying standard help content...
C:\Program Files (x86)\EWSoftware\Sandcastle Help File Builder\PresentationStyles\VS2013\icons\AlertCaution.png -&gt; D:\GitHub\XPatchLib.Net.Doc\src\NET40\WorkingPath\Output\Website\icons\AlertCaution.png
C:\Program Files (x86)\EWSoftware\Sandcastle Help File Builder\PresentationStyles\VS2013\icons\AlertNote.png -&gt; D:\GitHub\XPatchLib.Net.Doc\src\NET40\WorkingPath\Output\Website\icons\AlertNote.png
C:\Program Files (x86)\EWSoftware\Sandcastle Help File Builder\PresentationStyles\VS2013\icons\AlertSecurity.png -&gt; D:\GitHub\XPatchLib.Net.Doc\src\NET40\WorkingPath\Output\Website\icons\AlertSecurity.png
C:\Program Files (x86)\EWSoftware\Sandcastle Help File Builder\PresentationStyles\VS2013\icons\CFW.gif -&gt; D:\GitHub\XPatchLib.Net.Doc\src\NET40\WorkingPath\Output\Website\icons\CFW.gif
C:\Program Files (x86)\EWSoftware\Sandcastle Help File Builder\PresentationStyles\VS2013\icons\CodeExample.png -&gt; D:\GitHub\XPatchLib.Net.Doc\src\NET40\WorkingPath\Output\Website\icons\CodeExample.png
C:\Program Files (x86)\EWSoftware\Sandcastle Help File Builder\PresentationStyles\VS2013\icons\favicon.ico -&gt; D:\GitHub\XPatchLib.Net.Doc\src\NET40\WorkingPath\Output\Website\icons\favicon.ico
C:\Program Files (x86)\EWSoftware\Sandcastle Help File Builder\PresentationStyles\VS2013\icons\privclass.gif -&gt; D:\GitHub\XPatchLib.Net.Doc\src\NET40\WorkingPath\Output\Website\icons\privclass.gif
C:\Program Files (x86)\EWSoftware\Sandcastle Help File Builder\PresentationStyles\VS2013\icons\privdelegate.gif -&gt; D:\GitHub\XPatchLib.Net.Doc\src\NET40\WorkingPath\Output\Website\icons\privdelegate.gif
C:\Program Files (x86)\EWSoftware\Sandcastle Help File Builder\PresentationStyles\VS2013\icons\privenumeration.gif -&gt; D:\GitHub\XPatchLib.Net.Doc\src\NET40\WorkingPath\Output\Website\icons\privenumeration.gif
C:\Program Files (x86)\EWSoftware\Sandcastle Help File Builder\PresentationStyles\VS2013\icons\privevent.gif -&gt; D:\GitHub\XPatchLib.Net.Doc\src\NET40\WorkingPath\Output\Website\icons\privevent.gif
C:\Program Files (x86)\EWSoftware\Sandcastle Help File Builder\PresentationStyles\VS2013\icons\privextension.gif -&gt; D:\GitHub\XPatchLib.Net.Doc\src\NET40\WorkingPath\Output\Website\icons\privextension.gif
C:\Program Files (x86)\EWSoftware\Sandcastle Help File Builder\PresentationStyles\VS2013\icons\privfield.gif -&gt; D:\GitHub\XPatchLib.Net.Doc\src\NET40\WorkingPath\Output\Website\icons\privfield.gif
C:\Program Files (x86)\EWSoftware\Sandcastle Help File Builder\PresentationStyles\VS2013\icons\privinterface.gif -&gt; D:\GitHub\XPatchLib.Net.Doc\src\NET40\WorkingPath\Output\Website\icons\privinterface.gif
C:\Program Files (x86)\EWSoftware\Sandcastle Help File Builder\PresentationStyles\VS2013\icons\privmethod.gif -&gt; D:\GitHub\XPatchLib.Net.Doc\src\NET40\WorkingPath\Output\Website\icons\privmethod.gif
C:\Program Files (x86)\EWSoftware\Sandcastle Help File Builder\PresentationStyles\VS2013\icons\privproperty.gif -&gt; D:\GitHub\XPatchLib.Net.Doc\src\NET40\WorkingPath\Output\Website\icons\privproperty.gif
C:\Program Files (x86)\EWSoftware\Sandcastle Help File Builder\PresentationStyles\VS2013\icons\privstructure.gif -&gt; D:\GitHub\XPatchLib.Net.Doc\src\NET40\WorkingPath\Output\Website\icons\privstructure.gif
C:\Program Files (x86)\EWSoftware\Sandcastle Help File Builder\PresentationStyles\VS2013\icons\protclass.gif -&gt; D:\GitHub\XPatchLib.Net.Doc\src\NET40\WorkingPath\Output\Website\icons\protclass.gif
C:\Program Files (x86)\EWSoftware\Sandcastle Help File Builder\PresentationStyles\VS2013\icons\protdelegate.gif -&gt; D:\GitHub\XPatchLib.Net.Doc\src\NET40\WorkingPath\Output\Website\icons\protdelegate.gif
C:\Program Files (x86)\EWSoftware\Sandcastle Help File Builder\PresentationStyles\VS2013\icons\protenumeration.gif -&gt; D:\GitHub\XPatchLib.Net.Doc\src\NET40\WorkingPath\Output\Website\icons\protenumeration.gif
C:\Program Files (x86)\EWSoftware\Sandcastle Help File Builder\PresentationStyles\VS2013\icons\protevent.gif -&gt; D:\GitHub\XPatchLib.Net.Doc\src\NET40\WorkingPath\Output\Website\icons\protevent.gif
C:\Program Files (x86)\EWSoftware\Sandcastle Help File Builder\PresentationStyles\VS2013\icons\protextension.gif -&gt; D:\GitHub\XPatchLib.Net.Doc\src\NET40\WorkingPath\Output\Website\icons\protextension.gif
C:\Program Files (x86)\EWSoftware\Sandcastle Help File Builder\PresentationStyles\VS2013\icons\protfield.gif -&gt; D:\GitHub\XPatchLib.Net.Doc\src\NET40\WorkingPath\Output\Website\icons\protfield.gif
C:\Program Files (x86)\EWSoftware\Sandcastle Help File Builder\PresentationStyles\VS2013\icons\protinterface.gif -&gt; D:\GitHub\XPatchLib.Net.Doc\src\NET40\WorkingPath\Output\Website\icons\protinterface.gif
C:\Program Files (x86)\EWSoftware\Sandcastle Help File Builder\PresentationStyles\VS2013\icons\protmethod.gif -&gt; D:\GitHub\XPatchLib.Net.Doc\src\NET40\WorkingPath\Output\Website\icons\protmethod.gif
C:\Program Files (x86)\EWSoftware\Sandcastle Help File Builder\PresentationStyles\VS2013\icons\protoperator.gif -&gt; D:\GitHub\XPatchLib.Net.Doc\src\NET40\WorkingPath\Output\Website\icons\protoperator.gif
C:\Program Files (x86)\EWSoftware\Sandcastle Help File Builder\PresentationStyles\VS2013\icons\protproperty.gif -&gt; D:\GitHub\XPatchLib.Net.Doc\src\NET40\WorkingPath\Output\Website\icons\protproperty.gif
C:\Program Files (x86)\EWSoftware\Sandcastle Help File Builder\PresentationStyles\VS2013\icons\protstructure.gif -&gt; D:\GitHub\XPatchLib.Net.Doc\src\NET40\WorkingPath\Output\Website\icons\protstructure.gif
C:\Program Files (x86)\EWSoftware\Sandcastle Help File Builder\PresentationStyles\VS2013\icons\pubclass.gif -&gt; D:\GitHub\XPatchLib.Net.Doc\src\NET40\WorkingPath\Output\Website\icons\pubclass.gif
C:\Program Files (x86)\EWSoftware\Sandcastle Help File Builder\PresentationStyles\VS2013\icons\pubdelegate.gif -&gt; D:\GitHub\XPatchLib.Net.Doc\src\NET40\WorkingPath\Output\Website\icons\pubdelegate.gif
C:\Program Files (x86)\EWSoftware\Sandcastle Help File Builder\PresentationStyles\VS2013\icons\pubenumeration.gif -&gt; D:\GitHub\XPatchLib.Net.Doc\src\NET40\WorkingPath\Output\Website\icons\pubenumeration.gif
C:\Program Files (x86)\EWSoftware\Sandcastle Help File Builder\PresentationStyles\VS2013\icons\pubevent.gif -&gt; D:\GitHub\XPatchLib.Net.Doc\src\NET40\WorkingPath\Output\Website\icons\pubevent.gif
C:\Program Files (x86)\EWSoftware\Sandcastle Help File Builder\PresentationStyles\VS2013\icons\pubextension.gif -&gt; D:\GitHub\XPatchLib.Net.Doc\src\NET40\WorkingPath\Output\Website\icons\pubextension.gif
C:\Program Files (x86)\EWSoftware\Sandcastle Help File Builder\PresentationStyles\VS2013\icons\pubfield.gif -&gt; D:\GitHub\XPatchLib.Net.Doc\src\NET40\WorkingPath\Output\Website\icons\pubfield.gif
C:\Program Files (x86)\EWSoftware\Sandcastle Help File Builder\PresentationStyles\VS2013\icons\pubinterface.gif -&gt; D:\GitHub\XPatchLib.Net.Doc\src\NET40\WorkingPath\Output\Website\icons\pubinterface.gif
C:\Program Files (x86)\EWSoftware\Sandcastle Help File Builder\PresentationStyles\VS2013\icons\pubmethod.gif -&gt; D:\GitHub\XPatchLib.Net.Doc\src\NET40\WorkingPath\Output\Website\icons\pubmethod.gif
C:\Program Files (x86)\EWSoftware\Sandcastle Help File Builder\PresentationStyles\VS2013\icons\puboperator.gif -&gt; D:\GitHub\XPatchLib.Net.Doc\src\NET40\WorkingPath\Output\Website\icons\puboperator.gif
C:\Program Files (x86)\EWSoftware\Sandcastle Help File Builder\PresentationStyles\VS2013\icons\pubproperty.gif -&gt; D:\GitHub\XPatchLib.Net.Doc\src\NET40\WorkingPath\Output\Website\icons\pubproperty.gif
C:\Program Files (x86)\EWSoftware\Sandcastle Help File Builder\PresentationStyles\VS2013\icons\pubstructure.gif -&gt; D:\GitHub\XPatchLib.Net.Doc\src\NET40\WorkingPath\Output\Website\icons\pubstructure.gif
C:\Program Files (x86)\EWSoftware\Sandcastle Help File Builder\PresentationStyles\VS2013\icons\SectionCollapsed.png -&gt; D:\GitHub\XPatchLib.Net.Doc\src\NET40\WorkingPath\Output\Website\icons\SectionCollapsed.png
C:\Program Files (x86)\EWSoftware\Sandcastle Help File Builder\PresentationStyles\VS2013\icons\SectionExpanded.png -&gt; D:\GitHub\XPatchLib.Net.Doc\src\NET40\WorkingPath\Output\Website\icons\SectionExpanded.png
C:\Program Files (x86)\EWSoftware\Sandcastle Help File Builder\PresentationStyles\VS2013\icons\slMobile.gif -&gt; D:\GitHub\XPatchLib.Net.Doc\src\NET40\WorkingPath\Output\Website\icons\slMobile.gif
C:\Program Files (x86)\EWSoftware\Sandcastle Help File Builder\PresentationStyles\VS2013\icons\static.gif -&gt; D:\GitHub\XPatchLib.Net.Doc\src\NET40\WorkingPath\Output\Website\icons\static.gif
C:\Program Files (x86)\EWSoftware\Sandcastle Help File Builder\PresentationStyles\VS2013\icons\xna.gif -&gt; D:\GitHub\XPatchLib.Net.Doc\src\NET40\WorkingPath\Output\Website\icons\xna.gif
C:\Program Files (x86)\EWSoftware\Sandcastle Help File Builder\PresentationStyles\VS2013\scripts\branding.js -&gt; D:\GitHub\XPatchLib.Net.Doc\src\NET40\WorkingPath\Output\Website\scripts\branding.js
C:\Program Files (x86)\EWSoftware\Sandcastle Help File Builder\PresentationStyles\VS2013\styles\branding-cs-CZ.css -&gt; D:\GitHub\XPatchLib.Net.Doc\src\NET40\WorkingPath\Output\Website\styles\branding-cs-CZ.css
C:\Program Files (x86)\EWSoftware\Sandcastle Help File Builder\PresentationStyles\VS2013\styles\branding-de-DE.css -&gt; D:\GitHub\XPatchLib.Net.Doc\src\NET40\WorkingPath\Output\Website\styles\branding-de-DE.css
C:\Program Files (x86)\EWSoftware\Sandcastle Help File Builder\PresentationStyles\VS2013\styles\branding-en-US.css -&gt; D:\GitHub\XPatchLib.Net.Doc\src\NET40\WorkingPath\Output\Website\styles\branding-en-US.css
C:\Program Files (x86)\EWSoftware\Sandcastle Help File Builder\PresentationStyles\VS2013\styles\branding-es-ES.css -&gt; D:\GitHub\XPatchLib.Net.Doc\src\NET40\WorkingPath\Output\Website\styles\branding-es-ES.css
C:\Program Files (x86)\EWSoftware\Sandcastle Help File Builder\PresentationStyles\VS2013\styles\branding-fr-FR.css -&gt; D:\GitHub\XPatchLib.Net.Doc\src\NET40\WorkingPath\Output\Website\styles\branding-fr-FR.css
C:\Program Files (x86)\EWSoftware\Sandcastle Help File Builder\PresentationStyles\VS2013\styles\branding-Help1.css -&gt; D:\GitHub\XPatchLib.Net.Doc\src\NET40\WorkingPath\Output\Website\styles\branding-Help1.css
C:\Program Files (x86)\EWSoftware\Sandcastle Help File Builder\PresentationStyles\VS2013\styles\branding-HelpViewer.css -&gt; D:\GitHub\XPatchLib.Net.Doc\src\NET40\WorkingPath\Output\Website\styles\branding-HelpViewer.css
C:\Program Files (x86)\EWSoftware\Sandcastle Help File Builder\PresentationStyles\VS2013\styles\branding-it-IT.css -&gt; D:\GitHub\XPatchLib.Net.Doc\src\NET40\WorkingPath\Output\Website\styles\branding-it-IT.css
C:\Program Files (x86)\EWSoftware\Sandcastle Help File Builder\PresentationStyles\VS2013\styles\branding-ja-JP.css -&gt; D:\GitHub\XPatchLib.Net.Doc\src\NET40\WorkingPath\Output\Website\styles\branding-ja-JP.css
C:\Program Files (x86)\EWSoftware\Sandcastle Help File Builder\PresentationStyles\VS2013\styles\branding-ko-KR.css -&gt; D:\GitHub\XPatchLib.Net.Doc\src\NET40\WorkingPath\Output\Website\styles\branding-ko-KR.css
C:\Program Files (x86)\EWSoftware\Sandcastle Help File Builder\PresentationStyles\VS2013\styles\branding-pl-PL.css -&gt; D:\GitHub\XPatchLib.Net.Doc\src\NET40\WorkingPath\Output\Website\styles\branding-pl-PL.css
C:\Program Files (x86)\EWSoftware\Sandcastle Help File Builder\PresentationStyles\VS2013\styles\branding-pt-BR.css -&gt; D:\GitHub\XPatchLib.Net.Doc\src\NET40\WorkingPath\Output\Website\styles\branding-pt-BR.css
C:\Program Files (x86)\EWSoftware\Sandcastle Help File Builder\PresentationStyles\VS2013\styles\branding-ru-RU.css -&gt; D:\GitHub\XPatchLib.Net.Doc\src\NET40\WorkingPath\Output\Website\styles\branding-ru-RU.css
C:\Program Files (x86)\EWSoftware\Sandcastle Help File Builder\PresentationStyles\VS2013\styles\branding-tr-TR.css -&gt; D:\GitHub\XPatchLib.Net.Doc\src\NET40\WorkingPath\Output\Website\styles\branding-tr-TR.css
C:\Program Files (x86)\EWSoftware\Sandcastle Help File Builder\PresentationStyles\VS2013\styles\branding-Website.css -&gt; D:\GitHub\XPatchLib.Net.Doc\src\NET40\WorkingPath\Output\Website\styles\branding-Website.css
C:\Program Files (x86)\EWSoftware\Sandcastle Help File Builder\PresentationStyles\VS2013\styles\branding-zh-CN.css -&gt; D:\GitHub\XPatchLib.Net.Doc\src\NET40\WorkingPath\Output\Website\styles\branding-zh-CN.css
C:\Program Files (x86)\EWSoftware\Sandcastle Help File Builder\PresentationStyles\VS2013\styles\branding-zh-TW.css -&gt; D:\GitHub\XPatchLib.Net.Doc\src\NET40\WorkingPath\Output\Website\styles\branding-zh-TW.css
C:\Program Files (x86)\EWSoftware\Sandcastle Help File Builder\PresentationStyles\VS2013\styles\branding.css -&gt; D:\GitHub\XPatchLib.Net.Doc\src\NET40\WorkingPath\Output\Website\styles\branding.css
C:\Program Files (x86)\EWSoftware\Sandcastle Help File Builder\PresentationStyles\VS2013\Web\index.html -&gt; D:\GitHub\XPatchLib.Net.Doc\src\NET40\WorkingPath\Output\Website\index.html
C:\Program Files (x86)\EWSoftware\Sandcastle Help File Builder\PresentationStyles\VS2013\Web\search.html -&gt; D:\GitHub\XPatchLib.Net.Doc\src\NET40\WorkingPath\Output\Website\search.html
C:\Program Files (x86)\EWSoftware\Sandcastle Help File Builder\PresentationStyles\VS2013\Web\SearchHelp.aspx -&gt; D:\GitHub\XPatchLib.Net.Doc\src\NET40\WorkingPath\Output\Website\SearchHelp.aspx
C:\Program Files (x86)\EWSoftware\Sandcastle Help File Builder\PresentationStyles\VS2013\Web\SearchHelp.inc.php -&gt; D:\GitHub\XPatchLib.Net.Doc\src\NET40\WorkingPath\Output\Website\SearchHelp.inc.php
C:\Program Files (x86)\EWSoftware\Sandcastle Help File Builder\PresentationStyles\VS2013\Web\SearchHelp.php -&gt; D:\GitHub\XPatchLib.Net.Doc\src\NET40\WorkingPath\Output\Website\SearchHelp.php
C:\Program Files (x86)\EWSoftware\Sandcastle Help File Builder\PresentationStyles\VS2013\Web\Web.Config -&gt; D:\GitHub\XPatchLib.Net.Doc\src\NET40\WorkingPath\Output\Website\Web.Config
C:\Program Files (x86)\EWSoftware\Sandcastle Help File Builder\PresentationStyles\VS2013\Web\html\GeneralError.htm -&gt; D:\GitHub\XPatchLib.Net.Doc\src\NET40\WorkingPath\Output\Website\html\GeneralError.htm
C:\Program Files (x86)\EWSoftware\Sandcastle Help File Builder\PresentationStyles\VS2013\Web\html\PageNotFound.htm -&gt; D:\GitHub\XPatchLib.Net.Doc\src\NET40\WorkingPath\Output\Website\html\PageNotFound.htm
C:\Program Files (x86)\EWSoftware\Sandcastle Help File Builder\PresentationStyles\VS2013\Web\icons\Search.png -&gt; D:\GitHub\XPatchLib.Net.Doc\src\NET40\WorkingPath\Output\Website\icons\Search.png
C:\Program Files (x86)\EWSoftware\Sandcastle Help File Builder\PresentationStyles\VS2013\Web\icons\TocClose.gif -&gt; D:\GitHub\XPatchLib.Net.Doc\src\NET40\WorkingPath\Output\Website\icons\TocClose.gif
C:\Program Files (x86)\EWSoftware\Sandcastle Help File Builder\PresentationStyles\VS2013\Web\icons\TocCollapsed.gif -&gt; D:\GitHub\XPatchLib.Net.Doc\src\NET40\WorkingPath\Output\Website\icons\TocCollapsed.gif
C:\Program Files (x86)\EWSoftware\Sandcastle Help File Builder\PresentationStyles\VS2013\Web\icons\TocExpanded.gif -&gt; D:\GitHub\XPatchLib.Net.Doc\src\NET40\WorkingPath\Output\Website\icons\TocExpanded.gif
C:\Program Files (x86)\EWSoftware\Sandcastle Help File Builder\PresentationStyles\VS2013\Web\icons\TocOpen.gif -&gt; D:\GitHub\XPatchLib.Net.Doc\src\NET40\WorkingPath\Output\Website\icons\TocOpen.gif
C:\Program Files (x86)\EWSoftware\Sandcastle Help File Builder\PresentationStyles\VS2013\Web\scripts\branding-Website.js -&gt; D:\GitHub\XPatchLib.Net.Doc\src\NET40\WorkingPath\Output\Website\scripts\branding-Website.js
C:\Program Files (x86)\EWSoftware\Sandcastle Help File Builder\PresentationStyles\VS2013\Web\scripts\clipboard.min.js -&gt; D:\GitHub\XPatchLib.Net.Doc\src\NET40\WorkingPath\Output\Website\scripts\clipboard.min.js
C:\Program Files (x86)\EWSoftware\Sandcastle Help File Builder\PresentationStyles\VS2013\Web\scripts\jquery-1.11.0.min.js -&gt; D:\GitHub\XPatchLib.Net.Doc\src\NET40\WorkingPath\Output\Website\scripts\jquery-1.11.0.min.js
    Last step completed in 00:00:00.7300
</buildStep>
<buildStep step="GenerateHelpFormatTableOfContents">
Generating website table of contents file...
    Last step completed in 00:00:00.0010
</buildStep>
<buildStep step="GenerateFullTextIndex">
Generating full-text index for the website...

<plugIn name="Lightweight Website Style" behavior="After" priority="1000">
Adding lightweight search and TOC elements to each topic...
</plugIn>    Last step completed in 00:00:00.5260
</buildStep>
<buildStep step="CopyingWebsiteFiles">
Copying website files to output folder...

Copied 422 files for the website content
    Last step completed in 00:00:01.0430
</buildStep>
<buildStep step="Completed">

Build completed successfully at 2018/2/5 17:26:56.  Total time: 00:02:22.1135

</buildStep>
</shfbBuild>
